<?xml version="1.0" encoding="UTF-8"?>
<!-- Generated by org.testng.reporters.JUnitXMLReporter -->
<testsuite ignored="0" hostname="Xyoss005" failures="1" tests="6" name="Product Page Tests" time="56.634" errors="0" timestamp="2025-01-13T22:34:14 IST">
  <testcase classname="com.testCases.ProductPageTestCases" name="testHomePageLoadSuccessfully" time="3.865"/>
  <testcase classname="com.testCases.ProductPageTestCases" name="testAddToCartButton" time="6.539">
    <failure type="org.openqa.selenium.ElementClickInterceptedException" message="element click intercepted: Element &amp;lt;a data-product-id=&amp;quot;1&amp;quot; class=&amp;quot;btn btn-default add-to-cart&amp;quot;&amp;gt;...&amp;lt;/a&amp;gt; is not clickable at point (540, 597). Other element would receive the click: &amp;lt;div class=&amp;quot;product-overlay&amp;quot;&amp;gt;...&amp;lt;/div&amp;gt;
  (Session info: chrome=131.0.6778.265)
Build info: version: &amp;apos;4.27.0&amp;apos;, revision: &amp;apos;d6e718d134&amp;apos;
System info: os.name: &amp;apos;Windows 10&amp;apos;, os.arch: &amp;apos;amd64&amp;apos;, os.version: &amp;apos;10.0&amp;apos;, java.version: &amp;apos;23.0.1&amp;apos;
Driver info: org.openqa.selenium.chrome.ChromeDriver
Command: [2c69d837063261d13bcaadfad198c61d, clickElement {id=f.9FBC3B94C2A03CBC9C33276D8399586C.d.8F9FF1FFAE78BBC8990949E0CC3AF0D2.e.648}]
Capabilities {acceptInsecureCerts: false, browserName: chrome, browserVersion: 131.0.6778.265, chrome: {chromedriverVersion: 131.0.6778.264 (2d05e315153..., userDataDir: C:\Users\MITHU\AppData\Loca...}, fedcm:accounts: true, goog:chromeOptions: {debuggerAddress: localhost:2296}, networkConnectionEnabled: false, pageLoadStrategy: normal, platformName: windows, proxy: Proxy(), se:cdp: ws://localhost:2296/devtool..., se:cdpVersion: 131.0.6778.265, setWindowRect: true, strictFileInteractability: false, timeouts: {implicit: 0, pageLoad: 300000, script: 30000}, unhandledPromptBehavior: dismiss and notify, webauthn:extension:credBlob: true, webauthn:extension:largeBlob: true, webauthn:extension:minPinLength: true, webauthn:extension:prf: true, webauthn:virtualAuthenticators: true}
Element: [[ChromeDriver: chrome on windows (2c69d837063261d13bcaadfad198c61d)] -&amp;gt; xpath: //div[@class=&amp;apos;col-sm-9 padding-right&amp;apos;]//div[2]//div[1]//div[1]//div[2]//div[1]//a[1]]
Session ID: 2c69d837063261d13bcaadfad198c61d">
      <![CDATA[org.openqa.selenium.ElementClickInterceptedException: element click intercepted: Element <a data-product-id="1" class="btn btn-default add-to-cart">...</a> is not clickable at point (540, 597). Other element would receive the click: <div class="product-overlay">...</div>
  (Session info: chrome=131.0.6778.265)
Build info: version: '4.27.0', revision: 'd6e718d134'
System info: os.name: 'Windows 10', os.arch: 'amd64', os.version: '10.0', java.version: '23.0.1'
Driver info: org.openqa.selenium.chrome.ChromeDriver
Command: [2c69d837063261d13bcaadfad198c61d, clickElement {id=f.9FBC3B94C2A03CBC9C33276D8399586C.d.8F9FF1FFAE78BBC8990949E0CC3AF0D2.e.648}]
Capabilities {acceptInsecureCerts: false, browserName: chrome, browserVersion: 131.0.6778.265, chrome: {chromedriverVersion: 131.0.6778.264 (2d05e315153..., userDataDir: C:\Users\MITHU\AppData\Loca...}, fedcm:accounts: true, goog:chromeOptions: {debuggerAddress: localhost:2296}, networkConnectionEnabled: false, pageLoadStrategy: normal, platformName: windows, proxy: Proxy(), se:cdp: ws://localhost:2296/devtool..., se:cdpVersion: 131.0.6778.265, setWindowRect: true, strictFileInteractability: false, timeouts: {implicit: 0, pageLoad: 300000, script: 30000}, unhandledPromptBehavior: dismiss and notify, webauthn:extension:credBlob: true, webauthn:extension:largeBlob: true, webauthn:extension:minPinLength: true, webauthn:extension:prf: true, webauthn:virtualAuthenticators: true}
Element: [[ChromeDriver: chrome on windows (2c69d837063261d13bcaadfad198c61d)] -> xpath: //div[@class='col-sm-9 padding-right']//div[2]//div[1]//div[1]//div[2]//div[1]//a[1]]
Session ID: 2c69d837063261d13bcaadfad198c61d
at org.openqa.selenium.remote.ErrorCodec.decode(ErrorCodec.java:167)
at org.openqa.selenium.remote.codec.w3c.W3CHttpResponseCodec.decode(W3CHttpResponseCodec.java:138)
at org.openqa.selenium.remote.codec.w3c.W3CHttpResponseCodec.decode(W3CHttpResponseCodec.java:50)
at org.openqa.selenium.remote.HttpCommandExecutor.execute(HttpCommandExecutor.java:190)
at org.openqa.selenium.remote.service.DriverCommandExecutor.invokeExecute(DriverCommandExecutor.java:216)
at org.openqa.selenium.remote.service.DriverCommandExecutor.execute(DriverCommandExecutor.java:174)
at org.openqa.selenium.remote.RemoteWebDriver.execute(RemoteWebDriver.java:545)
at org.openqa.selenium.remote.RemoteWebElement.execute(RemoteWebElement.java:223)
at org.openqa.selenium.remote.RemoteWebElement.click(RemoteWebElement.java:76)
at org.openqa.selenium.support.pagefactory.internal.LocatingElementHandler.invoke(LocatingElementHandler.java:51)
at jdk.proxy2/jdk.proxy2.$Proxy14.click(Unknown Source)
at com.pageObject.ProductPage.clickAddToProduct(ProductPage.java:74)
at com.testCases.ProductPageTestCases.testAddToCartButton(ProductPageTestCases.java:29)
at java.base/java.util.ArrayList.forEach(ArrayList.java:1597)
... Removed 30 stack frames]]>
    </failure>
  </testcase> <!-- testAddToCartButton -->
  <testcase classname="com.testCases.ProductPageTestCases" name="testSearchFunctionality" time="4.066"/>
  <testcase classname="com.testCases.ProductPageTestCases" name="testCategorySelection" time="10.167"/>
  <testcase classname="com.testCases.ProductPageTestCases" name="testBranSelection" time="27.195"/>
  <testcase classname="com.testCases.ProductPageTestCases" name="productDetailsButton" time="1.436"/>
</testsuite> <!-- Product Page Tests -->
