<?xml version="1.0" encoding="UTF-8"?>
<!-- Generated by org.testng.reporters.JUnitXMLReporter -->
<testsuite ignored="0" hostname="Xyoss005" failures="1" tests="6" name="HomePage Tests" time="49.349" errors="0" timestamp="2025-01-11T15:16:39 IST">
  <testcase classname="com.testCases.HomePageTestCases" name="testHomePageLoadsSuccessfully" time="11.197"/>
  <testcase classname="com.testCases.HomePageTestCases" name="testNavigationLinks" time="9.092"/>
  <testcase classname="com.testCases.HomePageTestCases" name="testPageTitle" time="0.023"/>
  <testcase classname="com.testCases.HomePageTestCases" name="testLogoVisibility" time="0.066"/>
  <testcase classname="com.testCases.HomePageTestCases" name="testCarouselContent" time="10.643">
    <failure type="org.openqa.selenium.TimeoutException" message="Expected condition failed: waiting for element ([[EdgeDriver: MicrosoftEdge on windows (53352bc274871d8b3e8b3f639f9d5e25)] -&amp;gt; xpath: //div[@class=&amp;apos;carousel-inner&amp;apos;]//div[contains(@class, &amp;apos;active&amp;apos;)]]) to become stale (tried for 10 second(s) with 500 milliseconds interval)
Build info: version: &amp;apos;4.27.0&amp;apos;, revision: &amp;apos;d6e718d134&amp;apos;
System info: os.name: &amp;apos;Windows 10&amp;apos;, os.arch: &amp;apos;amd64&amp;apos;, os.version: &amp;apos;10.0&amp;apos;, java.version: &amp;apos;23.0.1&amp;apos;
Driver info: org.openqa.selenium.edge.EdgeDriver
Capabilities {acceptInsecureCerts: false, browserName: MicrosoftEdge, browserVersion: 131.0.2903.112, fedcm:accounts: true, ms:edgeOptions: {debuggerAddress: localhost:5876}, msedge: {msedgedriverVersion: 131.0.2903.112 (16ab910a6e7..., userDataDir: C:\Users\MITHU\AppData\Loca...}, networkConnectionEnabled: false, pageLoadStrategy: normal, platformName: windows, proxy: Proxy(), se:cdp: ws://localhost:5876/devtool..., se:cdpVersion: 131.0.2903.112, setWindowRect: true, strictFileInteractability: false, timeouts: {implicit: 0, pageLoad: 300000, script: 30000}, unhandledPromptBehavior: dismiss and notify, webauthn:extension:credBlob: true, webauthn:extension:largeBlob: true, webauthn:extension:minPinLength: true, webauthn:extension:prf: true, webauthn:virtualAuthenticators: true}
Session ID: 53352bc274871d8b3e8b3f639f9d5e25">
      <![CDATA[org.openqa.selenium.TimeoutException: Expected condition failed: waiting for element ([[EdgeDriver: MicrosoftEdge on windows (53352bc274871d8b3e8b3f639f9d5e25)] -> xpath: //div[@class='carousel-inner']//div[contains(@class, 'active')]]) to become stale (tried for 10 second(s) with 500 milliseconds interval)
Build info: version: '4.27.0', revision: 'd6e718d134'
System info: os.name: 'Windows 10', os.arch: 'amd64', os.version: '10.0', java.version: '23.0.1'
Driver info: org.openqa.selenium.edge.EdgeDriver
Capabilities {acceptInsecureCerts: false, browserName: MicrosoftEdge, browserVersion: 131.0.2903.112, fedcm:accounts: true, ms:edgeOptions: {debuggerAddress: localhost:5876}, msedge: {msedgedriverVersion: 131.0.2903.112 (16ab910a6e7..., userDataDir: C:\Users\MITHU\AppData\Loca...}, networkConnectionEnabled: false, pageLoadStrategy: normal, platformName: windows, proxy: Proxy(), se:cdp: ws://localhost:5876/devtool..., se:cdpVersion: 131.0.2903.112, setWindowRect: true, strictFileInteractability: false, timeouts: {implicit: 0, pageLoad: 300000, script: 30000}, unhandledPromptBehavior: dismiss and notify, webauthn:extension:credBlob: true, webauthn:extension:largeBlob: true, webauthn:extension:minPinLength: true, webauthn:extension:prf: true, webauthn:virtualAuthenticators: true}
Session ID: 53352bc274871d8b3e8b3f639f9d5e25
at org.openqa.selenium.support.ui.WebDriverWait.timeoutException(WebDriverWait.java:84)
at org.openqa.selenium.support.ui.FluentWait.until(FluentWait.java:228)
at com.pageObject.HomePage.isCarouselContentChanging(HomePage.java:73)
at com.testCases.HomePageTestCases.testCarouselContent(HomePageTestCases.java:55)
at java.base/java.util.ArrayList.forEach(ArrayList.java:1597)
... Removed 25 stack frames]]>
    </failure>
  </testcase> <!-- testCarouselContent -->
  <testcase classname="com.testCases.HomePageTestCases" name="testFooterLinksVisibility" time="10.075"/>
</testsuite> <!-- HomePage Tests -->
