<!DOCTYPE html>

<html>
  <head>
  <meta charset='utf-8'>
  <title>TestNG reports</title>

    <link type="text/css" href="testng-reports1.css" rel="stylesheet" id="ultra" />
    <link type="text/css" href="testng-reports.css" rel="stylesheet" id="retro" disabled="false"/>
    <script type="text/javascript" src="jquery-3.6.0.min.js"></script>
    <script type="text/javascript" src="testng-reports.js"></script>
    <script type="text/javascript" src="https://www.google.com/jsapi"></script>
    <script type='text/javascript'>
      google.load('visualization', '1', {packages:['table']});
      google.setOnLoadCallback(drawTable);
      var suiteTableInitFunctions = new Array();
      var suiteTableData = new Array();
    </script>
    <!--
      <script type="text/javascript" src="jquery-ui/js/jquery-ui-1.8.16.custom.min.js"></script>
     -->
  </head>

  <body>    <div class="top-banner-root">
      <span class="top-banner-title-font">Test results</span>
      <button id="button" class="button">Switch Retro Theme</button> <!-- button -->
      <br/>
      <span class="top-banner-font-1">1 suite, 8 failed tests</span>
    </div> <!-- top-banner-root -->
    <div class="navigator-root">
      <div class="navigator-suite-header">
        <span>All suites</span>
        <a href="#" title="Collapse/expand all the suites" class="collapse-all-link">
          <img src="collapseall.gif" class="collapse-all-icon">
          </img> <!-- collapse-all-icon -->
        </a> <!-- collapse-all-link -->
      </div> <!-- navigator-suite-header -->
      <div class="suite">
        <div class="rounded-window">
          <div class="suite-header light-rounded-window-top">
            <a href="#" panel-name="suite-Functional_Testing_Suite" class="navigator-link">
              <span class="suite-name border-failed">Functional Testing Suite</span>
            </a> <!-- navigator-link -->
          </div> <!-- suite-header light-rounded-window-top -->
          <div class="navigator-suite-content">
            <div class="suite-section-title">
              <span>Info</span>
            </div> <!-- suite-section-title -->
            <div class="suite-section-content">
              <ul>
                <li>
                  <a href="#" panel-name="test-xml-Functional_Testing_Suite" class="navigator-link ">
                    <span>C:\Users\MITHU\Desktop\Projects\Automation\eCommerceAutomation\testng.xml</span>
                  </a> <!-- navigator-link  -->
                </li>
                <li>
                  <a href="#" panel-name="testlist-Functional_Testing_Suite" class="navigator-link ">
                    <span class="test-stats">7 tests</span>
                  </a> <!-- navigator-link  -->
                </li>
                <li>
                  <a href="#" panel-name="group-Functional_Testing_Suite" class="navigator-link ">
                    <span>5 groups</span>
                  </a> <!-- navigator-link  -->
                </li>
                <li>
                  <a href="#" panel-name="times-Functional_Testing_Suite" class="navigator-link ">
                    <span>Times</span>
                  </a> <!-- navigator-link  -->
                </li>
                <li>
                  <a href="#" panel-name="reporter-Functional_Testing_Suite" class="navigator-link ">
                    <span>Reporter output</span>
                  </a> <!-- navigator-link  -->
                </li>
                <li>
                  <a href="#" panel-name="ignored-methods-Functional_Testing_Suite" class="navigator-link ">
                    <span>Ignored methods</span>
                  </a> <!-- navigator-link  -->
                </li>
                <li>
                  <a href="#" panel-name="chronological-Functional_Testing_Suite" class="navigator-link ">
                    <span>Chronological view</span>
                  </a> <!-- navigator-link  -->
                </li>
              </ul>
            </div> <!-- suite-section-content -->
            <div class="result-section">
              <div class="suite-section-title">
                <span>Results</span>
              </div> <!-- suite-section-title -->
              <div class="suite-section-content">
                <ul>
                  <li>
                    <span class="method-stats">29 methods, 8 failed,  2 skipped,  19 passed</span>
                  </li>
                  <li>
                    <span class="method-list-title failed">Failed methods</span>
                    <span class="show-or-hide-methods failed">
                      <a href="#" panel-name="suite-Functional_Testing_Suite" class="hide-methods failed suite-Functional_Testing_Suite"> (hide)</a> <!-- hide-methods failed suite-Functional_Testing_Suite -->
                      <a href="#" panel-name="suite-Functional_Testing_Suite" class="show-methods failed suite-Functional_Testing_Suite"> (show)</a> <!-- show-methods failed suite-Functional_Testing_Suite -->
                    </span>
                    <div class="method-list-content failed suite-Functional_Testing_Suite">
                      <span>
                        <img src="failed.png" width="3%"/>
                        <a href="#" panel-name="suite-Functional_Testing_Suite" title="com.testCases.CartPageTestCases" class="method navigator-link" hash-for-method="testAddProductsToCart">testAddProductsToCart</a> <!-- method navigator-link -->
                      </span>
                      <br/>
                      <span>
                        <img src="failed.png" width="3%"/>
                        <a href="#" panel-name="suite-Functional_Testing_Suite" title="com.testCases.ProductPageTestCases" class="method navigator-link" hash-for-method="testAddToCartButton">testAddToCartButton</a> <!-- method navigator-link -->
                      </span>
                      <br/>
                      <span>
                        <img src="failed.png" width="3%"/>
                        <a href="#" panel-name="suite-Functional_Testing_Suite" title="com.testCases.HomePageTestCases" class="method navigator-link" hash-for-method="testCarouselContent">testCarouselContent</a> <!-- method navigator-link -->
                      </span>
                      <br/>
                      <span>
                        <img src="failed.png" width="3%"/>
                        <a href="#" panel-name="suite-Functional_Testing_Suite" title="com.testCases.contactPageTestCases" class="method navigator-link" hash-for-method="testFormSubmissionWithMissingEmail(https://automationexercise.com/)">testFormSubmissionWithMissingEmail(https://automationexercise.com/)</a> <!-- method navigator-link -->
                      </span>
                      <br/>
                      <span>
                        <img src="failed.png" width="3%"/>
                        <a href="#" panel-name="suite-Functional_Testing_Suite" title="com.testCases.LoginTestCases" class="method navigator-link" hash-for-method="testLoginWithValidCredentials(admin@mr.com, 4563)">testLoginWithValidCredentials(admin@mr.com, 4563)</a> <!-- method navigator-link -->
                      </span>
                      <br/>
                      <span>
                        <img src="failed.png" width="3%"/>
                        <a href="#" panel-name="suite-Functional_Testing_Suite" title="com.testCases.LoginTestCases" class="method navigator-link" hash-for-method="testLoginWithValidCredentials(admin@mr4.com, 634)">testLoginWithValidCredentials(admin@mr4.com, 634)</a> <!-- method navigator-link -->
                      </span>
                      <br/>
                      <span>
                        <img src="failed.png" width="3%"/>
                        <a href="#" panel-name="suite-Functional_Testing_Suite" title="com.testCases.CartPageTestCases" class="method navigator-link" hash-for-method="testProceedToCheckout">testProceedToCheckout</a> <!-- method navigator-link -->
                      </span>
                      <br/>
                      <span>
                        <img src="failed.png" width="3%"/>
                        <a href="#" panel-name="suite-Functional_Testing_Suite" title="com.testCases.CartPageTestCases" class="method navigator-link" hash-for-method="testUpdateQuantity">testUpdateQuantity</a> <!-- method navigator-link -->
                      </span>
                      <br/>
                    </div> <!-- method-list-content failed suite-Functional_Testing_Suite -->
                  </li>
                  <li>
                    <span class="method-list-title skipped">Skipped methods</span>
                    <span class="show-or-hide-methods skipped">
                      <a href="#" panel-name="suite-Functional_Testing_Suite" class="hide-methods skipped suite-Functional_Testing_Suite"> (hide)</a> <!-- hide-methods skipped suite-Functional_Testing_Suite -->
                      <a href="#" panel-name="suite-Functional_Testing_Suite" class="show-methods skipped suite-Functional_Testing_Suite"> (show)</a> <!-- show-methods skipped suite-Functional_Testing_Suite -->
                    </span>
                    <div class="method-list-content skipped suite-Functional_Testing_Suite">
                      <span>
                        <img src="skipped.png" width="3%"/>
                        <a href="#" panel-name="suite-Functional_Testing_Suite" title="com.testCases.CartPageTestCases" class="method navigator-link" hash-for-method="testDownloadInvoice">testDownloadInvoice</a> <!-- method navigator-link -->
                      </span>
                      <br/>
                      <span>
                        <img src="skipped.png" width="3%"/>
                        <a href="#" panel-name="suite-Functional_Testing_Suite" title="com.testCases.CartPageTestCases" class="method navigator-link" hash-for-method="testPlaceOrder">testPlaceOrder</a> <!-- method navigator-link -->
                      </span>
                      <br/>
                    </div> <!-- method-list-content skipped suite-Functional_Testing_Suite -->
                  </li>
                  <li>
                    <span class="method-list-title passed">Passed methods</span>
                    <span class="show-or-hide-methods passed">
                      <a href="#" panel-name="suite-Functional_Testing_Suite" class="hide-methods passed suite-Functional_Testing_Suite"> (hide)</a> <!-- hide-methods passed suite-Functional_Testing_Suite -->
                      <a href="#" panel-name="suite-Functional_Testing_Suite" class="show-methods passed suite-Functional_Testing_Suite"> (show)</a> <!-- show-methods passed suite-Functional_Testing_Suite -->
                    </span>
                    <div class="method-list-content passed suite-Functional_Testing_Suite">
                      <span>
                        <img src="passed.png" width="3%"/>
                        <a href="#" panel-name="suite-Functional_Testing_Suite" title="com.testCases.ProductPageTestCases" class="method navigator-link" hash-for-method="productDetailsButton">productDetailsButton</a> <!-- method navigator-link -->
                      </span>
                      <br/>
                      <span>
                        <img src="passed.png" width="3%"/>
                        <a href="#" panel-name="suite-Functional_Testing_Suite" title="com.testCases.ProductPageTestCases" class="method navigator-link" hash-for-method="testBranSelection">testBranSelection</a> <!-- method navigator-link -->
                      </span>
                      <br/>
                      <span>
                        <img src="passed.png" width="3%"/>
                        <a href="#" panel-name="suite-Functional_Testing_Suite" title="com.testCases.ProductPageTestCases" class="method navigator-link" hash-for-method="testCategorySelection">testCategorySelection</a> <!-- method navigator-link -->
                      </span>
                      <br/>
                      <span>
                        <img src="passed.png" width="3%"/>
                        <a href="#" panel-name="suite-Functional_Testing_Suite" title="com.testCases.contactPageTestCases" class="method navigator-link" hash-for-method="testContactUsPageLoadsSuccessfully(https://automationexercise.com/)">testContactUsPageLoadsSuccessfully(https://automationexercise.com/)</a> <!-- method navigator-link -->
                      </span>
                      <br/>
                      <span>
                        <img src="passed.png" width="3%"/>
                        <a href="#" panel-name="suite-Functional_Testing_Suite" title="com.testCases.HomePageTestCases" class="method navigator-link" hash-for-method="testFooterLinksVisibility">testFooterLinksVisibility</a> <!-- method navigator-link -->
                      </span>
                      <br/>
                      <span>
                        <img src="passed.png" width="3%"/>
                        <a href="#" panel-name="suite-Functional_Testing_Suite" title="com.testCases.contactPageTestCases" class="method navigator-link" hash-for-method="testFormSubmissionWithValidData">testFormSubmissionWithValidData</a> <!-- method navigator-link -->
                      </span>
                      <br/>
                      <span>
                        <img src="passed.png" width="3%"/>
                        <a href="#" panel-name="suite-Functional_Testing_Suite" title="com.testCases.ProductPageTestCases" class="method navigator-link" hash-for-method="testHomePageLoadSuccessfully(https://automationexercise.com/)">testHomePageLoadSuccessfully(https://automationexercise.com/)</a> <!-- method navigator-link -->
                      </span>
                      <br/>
                      <span>
                        <img src="passed.png" width="3%"/>
                        <a href="#" panel-name="suite-Functional_Testing_Suite" title="com.testCases.HomePageTestCases" class="method navigator-link" hash-for-method="testHomePageLoadsSuccessfully(https://automationexercise.com/)">testHomePageLoadsSuccessfully(https://automationexercise.com/)</a> <!-- method navigator-link -->
                      </span>
                      <br/>
                      <span>
                        <img src="passed.png" width="3%"/>
                        <a href="#" panel-name="suite-Functional_Testing_Suite" title="com.testCases.CartPageTestCases" class="method navigator-link" hash-for-method="testLogin(https://automationexercise.com/)">testLogin(https://automationexercise.com/)</a> <!-- method navigator-link -->
                      </span>
                      <br/>
                      <span>
                        <img src="passed.png" width="3%"/>
                        <a href="#" panel-name="suite-Functional_Testing_Suite" title="com.testCases.LogoutTestCase" class="method navigator-link" hash-for-method="testLoginAndLogout(https://automationexercise.com/)">testLoginAndLogout(https://automationexercise.com/)</a> <!-- method navigator-link -->
                      </span>
                      <br/>
                      <span>
                        <img src="passed.png" width="3%"/>
                        <a href="#" panel-name="suite-Functional_Testing_Suite" title="com.testCases.LoginTestCases" class="method navigator-link" hash-for-method="testLoginPageLoadsSuccessfully(https://automationexercise.com/)">testLoginPageLoadsSuccessfully(https://automationexercise.com/)</a> <!-- method navigator-link -->
                      </span>
                      <br/>
                      <span>
                        <img src="passed.png" width="3%"/>
                        <a href="#" panel-name="suite-Functional_Testing_Suite" title="com.testCases.LoginTestCases" class="method navigator-link" hash-for-method="testLoginWithValidCredentials(admin@mr.com, 1234)">testLoginWithValidCredentials(admin@mr.com, 1234)</a> <!-- method navigator-link -->
                      </span>
                      <br/>
                      <span>
                        <img src="passed.png" width="3%"/>
                        <a href="#" panel-name="suite-Functional_Testing_Suite" title="com.testCases.LoginTestCases" class="method navigator-link" hash-for-method="testLoginWithValidCredentials(admin@mr.com, 1234)">testLoginWithValidCredentials(admin@mr.com, 1234)</a> <!-- method navigator-link -->
                      </span>
                      <br/>
                      <span>
                        <img src="passed.png" width="3%"/>
                        <a href="#" panel-name="suite-Functional_Testing_Suite" title="com.testCases.HomePageTestCases" class="method navigator-link" hash-for-method="testLogoVisibility">testLogoVisibility</a> <!-- method navigator-link -->
                      </span>
                      <br/>
                      <span>
                        <img src="passed.png" width="3%"/>
                        <a href="#" panel-name="suite-Functional_Testing_Suite" title="com.testCases.HomePageTestCases" class="method navigator-link" hash-for-method="testNavigationLinks">testNavigationLinks</a> <!-- method navigator-link -->
                      </span>
                      <br/>
                      <span>
                        <img src="passed.png" width="3%"/>
                        <a href="#" panel-name="suite-Functional_Testing_Suite" title="com.testCases.RegistrationTestCase" class="method navigator-link" hash-for-method="testNewUserRegistration">testNewUserRegistration</a> <!-- method navigator-link -->
                      </span>
                      <br/>
                      <span>
                        <img src="passed.png" width="3%"/>
                        <a href="#" panel-name="suite-Functional_Testing_Suite" title="com.testCases.HomePageTestCases" class="method navigator-link" hash-for-method="testPageTitle">testPageTitle</a> <!-- method navigator-link -->
                      </span>
                      <br/>
                      <span>
                        <img src="passed.png" width="3%"/>
                        <a href="#" panel-name="suite-Functional_Testing_Suite" title="com.testCases.ProductPageTestCases" class="method navigator-link" hash-for-method="testSearchFunctionality">testSearchFunctionality</a> <!-- method navigator-link -->
                      </span>
                      <br/>
                      <span>
                        <img src="passed.png" width="3%"/>
                        <a href="#" panel-name="suite-Functional_Testing_Suite" title="com.testCases.RegistrationTestCase" class="method navigator-link" hash-for-method="testfillSignupForm(https://automationexercise.com/)">testfillSignupForm(https://automationexercise.com/)</a> <!-- method navigator-link -->
                      </span>
                      <br/>
                    </div> <!-- method-list-content passed suite-Functional_Testing_Suite -->
                  </li>
                </ul>
              </div> <!-- suite-section-content -->
            </div> <!-- result-section -->
          </div> <!-- navigator-suite-content -->
        </div> <!-- rounded-window -->
      </div> <!-- suite -->
    </div> <!-- navigator-root -->
    <div class="wrapper">
      <div class="main-panel-root">
        <div panel-name="suite-Functional_Testing_Suite" class="panel Functional_Testing_Suite">
          <div class="suite-Functional_Testing_Suite-class-failed">
            <div class="main-panel-header rounded-window-top">
              <img src="failed.png"/>
              <span class="class-name">com.testCases.ProductPageTestCases</span>
            </div> <!-- main-panel-header rounded-window-top -->
            <div class="main-panel-content rounded-window-bottom">
              <div class="method">
                <div class="method-content">
                  <a name="testAddToCartButton">
                  </a> <!-- testAddToCartButton -->
                  <span class="method-name">testAddToCartButton</span>
                  <div class="stack-trace">org.openqa.selenium.ElementClickInterceptedException: element click intercepted: Element &lt;a data-product-id=&quot;1&quot; class=&quot;btn btn-default add-to-cart&quot;&gt;...&lt;/a&gt; is not clickable at point (540, 597). Other element would receive the click: &lt;div class=&quot;product-overlay&quot;&gt;...&lt;/div&gt;
  (Session info: chrome=131.0.6778.265)
Build info: version: &apos;4.27.0&apos;, revision: &apos;d6e718d134&apos;
System info: os.name: &apos;Windows 10&apos;, os.arch: &apos;amd64&apos;, os.version: &apos;10.0&apos;, java.version: &apos;23.0.1&apos;
Driver info: org.openqa.selenium.chrome.ChromeDriver
Command: [2c69d837063261d13bcaadfad198c61d, clickElement {id=f.9FBC3B94C2A03CBC9C33276D8399586C.d.8F9FF1FFAE78BBC8990949E0CC3AF0D2.e.648}]
Capabilities {acceptInsecureCerts: false, browserName: chrome, browserVersion: 131.0.6778.265, chrome: {chromedriverVersion: 131.0.6778.264 (2d05e315153..., userDataDir: C:\Users\MITHU\AppData\Loca...}, fedcm:accounts: true, goog:chromeOptions: {debuggerAddress: localhost:2296}, networkConnectionEnabled: false, pageLoadStrategy: normal, platformName: windows, proxy: Proxy(), se:cdp: ws://localhost:2296/devtool..., se:cdpVersion: 131.0.6778.265, setWindowRect: true, strictFileInteractability: false, timeouts: {implicit: 0, pageLoad: 300000, script: 30000}, unhandledPromptBehavior: dismiss and notify, webauthn:extension:credBlob: true, webauthn:extension:largeBlob: true, webauthn:extension:minPinLength: true, webauthn:extension:prf: true, webauthn:virtualAuthenticators: true}
Element: [[ChromeDriver: chrome on windows (2c69d837063261d13bcaadfad198c61d)] -&gt; xpath: //div[@class=&apos;col-sm-9 padding-right&apos;]//div[2]//div[1]//div[1]//div[2]//div[1]//a[1]]
Session ID: 2c69d837063261d13bcaadfad198c61d
	at org.openqa.selenium.remote.ErrorCodec.decode(ErrorCodec.java:167)
	at org.openqa.selenium.remote.codec.w3c.W3CHttpResponseCodec.decode(W3CHttpResponseCodec.java:138)
	at org.openqa.selenium.remote.codec.w3c.W3CHttpResponseCodec.decode(W3CHttpResponseCodec.java:50)
	at org.openqa.selenium.remote.HttpCommandExecutor.execute(HttpCommandExecutor.java:190)
	at org.openqa.selenium.remote.service.DriverCommandExecutor.invokeExecute(DriverCommandExecutor.java:216)
	at org.openqa.selenium.remote.service.DriverCommandExecutor.execute(DriverCommandExecutor.java:174)
	at org.openqa.selenium.remote.RemoteWebDriver.execute(RemoteWebDriver.java:545)
	at org.openqa.selenium.remote.RemoteWebElement.execute(RemoteWebElement.java:223)
	at org.openqa.selenium.remote.RemoteWebElement.click(RemoteWebElement.java:76)
	at org.openqa.selenium.support.pagefactory.internal.LocatingElementHandler.invoke(LocatingElementHandler.java:51)
	at jdk.proxy2/jdk.proxy2.$Proxy14.click(Unknown Source)
	at com.pageObject.ProductPage.clickAddToProduct(ProductPage.java:74)
	at com.testCases.ProductPageTestCases.testAddToCartButton(ProductPageTestCases.java:29)
	at java.base/java.util.ArrayList.forEach(ArrayList.java:1597)
... Removed 30 stack frames
</div> <!-- stack-trace -->
                  <em>
(Validate that navigation links redirect to the correct pages)                  </em>
                </div> <!-- method-content -->
              </div> <!-- method -->
            </div> <!-- main-panel-content rounded-window-bottom -->
          </div> <!-- suite-Functional_Testing_Suite-class-failed -->
          <div class="suite-Functional_Testing_Suite-class-failed">
            <div class="main-panel-header rounded-window-top">
              <img src="failed.png"/>
              <span class="class-name">com.testCases.LoginTestCases</span>
            </div> <!-- main-panel-header rounded-window-top -->
            <div class="main-panel-content rounded-window-bottom">
              <div class="method">
                <div class="method-content">
                  <a name="testLoginWithValidCredentials(admin@mr.com, 4563)">
                  </a> <!-- testLoginWithValidCredentials(admin@mr.com, 4563) -->
                  <span class="method-name">testLoginWithValidCredentials</span>
                  <span class="parameters">(admin@mr.com,4563)</span>
                  <div class="stack-trace">org.openqa.selenium.NoSuchElementException: no such element: Unable to locate element: {&quot;method&quot;:&quot;xpath&quot;,&quot;selector&quot;:&quot;//a[contains(text(),&apos;Logout&apos;)]&quot;}
  (Session info: chrome=131.0.6778.265)
For documentation on this error, please visit: https://www.selenium.dev/documentation/webdriver/troubleshooting/errors#no-such-element-exception
Build info: version: &apos;4.27.0&apos;, revision: &apos;d6e718d134&apos;
System info: os.name: &apos;Windows 10&apos;, os.arch: &apos;amd64&apos;, os.version: &apos;10.0&apos;, java.version: &apos;23.0.1&apos;
Driver info: org.openqa.selenium.chrome.ChromeDriver
Command: [5ca09eb40ff8769fd8d0f66c115b7abb, findElement {value=//a[contains(text(),&apos;Logout&apos;)], using=xpath}]
Capabilities {acceptInsecureCerts: false, browserName: chrome, browserVersion: 131.0.6778.265, chrome: {chromedriverVersion: 131.0.6778.264 (2d05e315153..., userDataDir: C:\Users\MITHU\AppData\Loca...}, fedcm:accounts: true, goog:chromeOptions: {debuggerAddress: localhost:2435}, networkConnectionEnabled: false, pageLoadStrategy: normal, platformName: windows, proxy: Proxy(), se:cdp: ws://localhost:2435/devtool..., se:cdpVersion: 131.0.6778.265, setWindowRect: true, strictFileInteractability: false, timeouts: {implicit: 0, pageLoad: 300000, script: 30000}, unhandledPromptBehavior: dismiss and notify, webauthn:extension:credBlob: true, webauthn:extension:largeBlob: true, webauthn:extension:minPinLength: true, webauthn:extension:prf: true, webauthn:virtualAuthenticators: true}
Session ID: 5ca09eb40ff8769fd8d0f66c115b7abb
	at org.openqa.selenium.remote.ErrorCodec.decode(ErrorCodec.java:167)
	at org.openqa.selenium.remote.codec.w3c.W3CHttpResponseCodec.decode(W3CHttpResponseCodec.java:138)
	at org.openqa.selenium.remote.codec.w3c.W3CHttpResponseCodec.decode(W3CHttpResponseCodec.java:50)
	at org.openqa.selenium.remote.HttpCommandExecutor.execute(HttpCommandExecutor.java:190)
	at org.openqa.selenium.remote.service.DriverCommandExecutor.invokeExecute(DriverCommandExecutor.java:216)
	at org.openqa.selenium.remote.service.DriverCommandExecutor.execute(DriverCommandExecutor.java:174)
	at org.openqa.selenium.remote.RemoteWebDriver.execute(RemoteWebDriver.java:545)
	at org.openqa.selenium.remote.ElementLocation$ElementFinder$2.findElement(ElementLocation.java:165)
	at org.openqa.selenium.remote.ElementLocation.findElement(ElementLocation.java:59)
	at org.openqa.selenium.remote.RemoteWebDriver.findElement(RemoteWebDriver.java:368)
	at org.openqa.selenium.remote.RemoteWebDriver.findElement(RemoteWebDriver.java:362)
	at org.openqa.selenium.support.pagefactory.DefaultElementLocator.findElement(DefaultElementLocator.java:68)
	at org.openqa.selenium.support.pagefactory.internal.LocatingElementHandler.invoke(LocatingElementHandler.java:38)
	at jdk.proxy2/jdk.proxy2.$Proxy14.isDisplayed(Unknown Source)
	at com.pageObject.LoginPage.loginWithCredentials(LoginPage.java:40)
	at com.testCases.LoginTestCases.testLoginWithValidCredentials(LoginTestCases.java:29)
	at java.base/java.util.ArrayList.forEach(ArrayList.java:1597)
... Removed 28 stack frames
</div> <!-- stack-trace -->
                  <em>
(Verify that login is successful with valid credentials)                  </em>
                </div> <!-- method-content -->
              </div> <!-- method -->
              <div class="method">
                <div class="method-content">
                  <a name="testLoginWithValidCredentials(admin@mr4.com, 634)">
                  </a> <!-- testLoginWithValidCredentials(admin@mr4.com, 634) -->
                  <span class="method-name">testLoginWithValidCredentials</span>
                  <span class="parameters">(admin@mr4.com,634)</span>
                  <div class="stack-trace">org.openqa.selenium.NoSuchElementException: no such element: Unable to locate element: {&quot;method&quot;:&quot;xpath&quot;,&quot;selector&quot;:&quot;//a[contains(text(),&apos;Logout&apos;)]&quot;}
  (Session info: chrome=131.0.6778.265)
For documentation on this error, please visit: https://www.selenium.dev/documentation/webdriver/troubleshooting/errors#no-such-element-exception
Build info: version: &apos;4.27.0&apos;, revision: &apos;d6e718d134&apos;
System info: os.name: &apos;Windows 10&apos;, os.arch: &apos;amd64&apos;, os.version: &apos;10.0&apos;, java.version: &apos;23.0.1&apos;
Driver info: org.openqa.selenium.chrome.ChromeDriver
Command: [5ca09eb40ff8769fd8d0f66c115b7abb, findElement {value=//a[contains(text(),&apos;Logout&apos;)], using=xpath}]
Capabilities {acceptInsecureCerts: false, browserName: chrome, browserVersion: 131.0.6778.265, chrome: {chromedriverVersion: 131.0.6778.264 (2d05e315153..., userDataDir: C:\Users\MITHU\AppData\Loca...}, fedcm:accounts: true, goog:chromeOptions: {debuggerAddress: localhost:2435}, networkConnectionEnabled: false, pageLoadStrategy: normal, platformName: windows, proxy: Proxy(), se:cdp: ws://localhost:2435/devtool..., se:cdpVersion: 131.0.6778.265, setWindowRect: true, strictFileInteractability: false, timeouts: {implicit: 0, pageLoad: 300000, script: 30000}, unhandledPromptBehavior: dismiss and notify, webauthn:extension:credBlob: true, webauthn:extension:largeBlob: true, webauthn:extension:minPinLength: true, webauthn:extension:prf: true, webauthn:virtualAuthenticators: true}
Session ID: 5ca09eb40ff8769fd8d0f66c115b7abb
	at org.openqa.selenium.remote.ErrorCodec.decode(ErrorCodec.java:167)
	at org.openqa.selenium.remote.codec.w3c.W3CHttpResponseCodec.decode(W3CHttpResponseCodec.java:138)
	at org.openqa.selenium.remote.codec.w3c.W3CHttpResponseCodec.decode(W3CHttpResponseCodec.java:50)
	at org.openqa.selenium.remote.HttpCommandExecutor.execute(HttpCommandExecutor.java:190)
	at org.openqa.selenium.remote.service.DriverCommandExecutor.invokeExecute(DriverCommandExecutor.java:216)
	at org.openqa.selenium.remote.service.DriverCommandExecutor.execute(DriverCommandExecutor.java:174)
	at org.openqa.selenium.remote.RemoteWebDriver.execute(RemoteWebDriver.java:545)
	at org.openqa.selenium.remote.ElementLocation$ElementFinder$2.findElement(ElementLocation.java:165)
	at org.openqa.selenium.remote.ElementLocation.findElement(ElementLocation.java:59)
	at org.openqa.selenium.remote.RemoteWebDriver.findElement(RemoteWebDriver.java:368)
	at org.openqa.selenium.remote.RemoteWebDriver.findElement(RemoteWebDriver.java:362)
	at org.openqa.selenium.support.pagefactory.DefaultElementLocator.findElement(DefaultElementLocator.java:68)
	at org.openqa.selenium.support.pagefactory.internal.LocatingElementHandler.invoke(LocatingElementHandler.java:38)
	at jdk.proxy2/jdk.proxy2.$Proxy14.isDisplayed(Unknown Source)
	at com.pageObject.LoginPage.loginWithCredentials(LoginPage.java:40)
	at com.testCases.LoginTestCases.testLoginWithValidCredentials(LoginTestCases.java:29)
	at java.base/java.util.ArrayList.forEach(ArrayList.java:1597)
... Removed 28 stack frames
</div> <!-- stack-trace -->
                  <em>
(Verify that login is successful with valid credentials)                  </em>
                </div> <!-- method-content -->
              </div> <!-- method -->
            </div> <!-- main-panel-content rounded-window-bottom -->
          </div> <!-- suite-Functional_Testing_Suite-class-failed -->
          <div class="suite-Functional_Testing_Suite-class-failed">
            <div class="main-panel-header rounded-window-top">
              <img src="failed.png"/>
              <span class="class-name">com.testCases.contactPageTestCases</span>
            </div> <!-- main-panel-header rounded-window-top -->
            <div class="main-panel-content rounded-window-bottom">
              <div class="method">
                <div class="method-content">
                  <a name="testFormSubmissionWithMissingEmail(https://automationexercise.com/)">
                  </a> <!-- testFormSubmissionWithMissingEmail(https://automationexercise.com/) -->
                  <span class="method-name">testFormSubmissionWithMissingEmail</span>
                  <span class="parameters">(https://automationexercise.com/)</span>
                  <div class="stack-trace">org.openqa.selenium.NoSuchElementException: no such element: Unable to locate element: {&quot;method&quot;:&quot;xpath&quot;,&quot;selector&quot;:&quot;//input[@name=&apos;name&apos;]&quot;}
  (Session info: MicrosoftEdge=131.0.2903.146)
For documentation on this error, please visit: https://www.selenium.dev/documentation/webdriver/troubleshooting/errors#no-such-element-exception
Build info: version: &apos;4.27.0&apos;, revision: &apos;d6e718d134&apos;
System info: os.name: &apos;Windows 10&apos;, os.arch: &apos;amd64&apos;, os.version: &apos;10.0&apos;, java.version: &apos;23.0.1&apos;
Driver info: org.openqa.selenium.edge.EdgeDriver
Command: [94ac52c5a3866b73861488cd8fd5c29d, findElement {value=//input[@name=&apos;name&apos;], using=xpath}]
Capabilities {acceptInsecureCerts: false, browserName: MicrosoftEdge, browserVersion: 131.0.2903.146, fedcm:accounts: true, ms:edgeOptions: {debuggerAddress: localhost:2359}, msedge: {msedgedriverVersion: 131.0.2903.146 (99fcb90c1ee..., userDataDir: C:\Users\MITHU\AppData\Loca...}, networkConnectionEnabled: false, pageLoadStrategy: normal, platformName: windows, proxy: Proxy(), se:cdp: ws://localhost:2359/devtool..., se:cdpVersion: 131.0.2903.146, setWindowRect: true, strictFileInteractability: false, timeouts: {implicit: 0, pageLoad: 300000, script: 30000}, unhandledPromptBehavior: dismiss and notify, webauthn:extension:credBlob: true, webauthn:extension:largeBlob: true, webauthn:extension:minPinLength: true, webauthn:extension:prf: true, webauthn:virtualAuthenticators: true}
Session ID: 94ac52c5a3866b73861488cd8fd5c29d
	at org.openqa.selenium.remote.ErrorCodec.decode(ErrorCodec.java:167)
	at org.openqa.selenium.remote.codec.w3c.W3CHttpResponseCodec.decode(W3CHttpResponseCodec.java:138)
	at org.openqa.selenium.remote.codec.w3c.W3CHttpResponseCodec.decode(W3CHttpResponseCodec.java:50)
	at org.openqa.selenium.remote.HttpCommandExecutor.execute(HttpCommandExecutor.java:190)
	at org.openqa.selenium.remote.service.DriverCommandExecutor.invokeExecute(DriverCommandExecutor.java:216)
	at org.openqa.selenium.remote.service.DriverCommandExecutor.execute(DriverCommandExecutor.java:174)
	at org.openqa.selenium.remote.RemoteWebDriver.execute(RemoteWebDriver.java:545)
	at org.openqa.selenium.remote.ElementLocation$ElementFinder$2.findElement(ElementLocation.java:165)
	at org.openqa.selenium.remote.ElementLocation.findElement(ElementLocation.java:59)
	at org.openqa.selenium.remote.RemoteWebDriver.findElement(RemoteWebDriver.java:368)
	at org.openqa.selenium.remote.RemoteWebDriver.findElement(RemoteWebDriver.java:362)
	at org.openqa.selenium.support.pagefactory.DefaultElementLocator.findElement(DefaultElementLocator.java:68)
	at org.openqa.selenium.support.pagefactory.internal.LocatingElementHandler.invoke(LocatingElementHandler.java:38)
	at jdk.proxy2/jdk.proxy2.$Proxy14.clear(Unknown Source)
	at com.pageObject.ContactPage.submitForm(ContactPage.java:67)
	at com.testCases.contactPageTestCases.testFormSubmissionWithMissingEmail(contactPageTestCases.java:38)
	at java.base/java.util.ArrayList.forEach(ArrayList.java:1597)
... Removed 28 stack frames
</div> <!-- stack-trace -->
                  <em>
(Test form submission with missing email value and validate error messages)                  </em>
                </div> <!-- method-content -->
              </div> <!-- method -->
            </div> <!-- main-panel-content rounded-window-bottom -->
          </div> <!-- suite-Functional_Testing_Suite-class-failed -->
          <div class="suite-Functional_Testing_Suite-class-failed">
            <div class="main-panel-header rounded-window-top">
              <img src="failed.png"/>
              <span class="class-name">com.testCases.HomePageTestCases</span>
            </div> <!-- main-panel-header rounded-window-top -->
            <div class="main-panel-content rounded-window-bottom">
              <div class="method">
                <div class="method-content">
                  <a name="testCarouselContent">
                  </a> <!-- testCarouselContent -->
                  <span class="method-name">testCarouselContent</span>
                  <div class="stack-trace">org.openqa.selenium.TimeoutException: Expected condition failed: waiting for element ([[EdgeDriver: MicrosoftEdge on windows (3c689c852da1b30d682038bffc21ebd3)] -&gt; xpath: //div[@class=&apos;carousel-inner&apos;]//div[contains(@class, &apos;active&apos;)]]) to become stale (tried for 10 second(s) with 500 milliseconds interval)
Build info: version: &apos;4.27.0&apos;, revision: &apos;d6e718d134&apos;
System info: os.name: &apos;Windows 10&apos;, os.arch: &apos;amd64&apos;, os.version: &apos;10.0&apos;, java.version: &apos;23.0.1&apos;
Driver info: org.openqa.selenium.edge.EdgeDriver
Capabilities {acceptInsecureCerts: false, browserName: MicrosoftEdge, browserVersion: 131.0.2903.146, fedcm:accounts: true, ms:edgeOptions: {debuggerAddress: localhost:2244}, msedge: {msedgedriverVersion: 131.0.2903.146 (99fcb90c1ee..., userDataDir: C:\Users\MITHU\AppData\Loca...}, networkConnectionEnabled: false, pageLoadStrategy: normal, platformName: windows, proxy: Proxy(), se:cdp: ws://localhost:2244/devtool..., se:cdpVersion: 131.0.2903.146, setWindowRect: true, strictFileInteractability: false, timeouts: {implicit: 0, pageLoad: 300000, script: 30000}, unhandledPromptBehavior: dismiss and notify, webauthn:extension:credBlob: true, webauthn:extension:largeBlob: true, webauthn:extension:minPinLength: true, webauthn:extension:prf: true, webauthn:virtualAuthenticators: true}
Session ID: 3c689c852da1b30d682038bffc21ebd3
	at org.openqa.selenium.support.ui.WebDriverWait.timeoutException(WebDriverWait.java:84)
	at org.openqa.selenium.support.ui.FluentWait.until(FluentWait.java:228)
	at com.pageObject.HomePage.isCarouselContentChanging(HomePage.java:73)
	at com.testCases.HomePageTestCases.testCarouselContent(HomePageTestCases.java:55)
	at java.base/java.util.ArrayList.forEach(ArrayList.java:1597)
... Removed 25 stack frames
</div> <!-- stack-trace -->
                  <em>
(Verify the carousel/banner content changes correctly)                  </em>
                </div> <!-- method-content -->
              </div> <!-- method -->
            </div> <!-- main-panel-content rounded-window-bottom -->
          </div> <!-- suite-Functional_Testing_Suite-class-failed -->
          <div class="suite-Functional_Testing_Suite-class-failed">
            <div class="main-panel-header rounded-window-top">
              <img src="failed.png"/>
              <span class="class-name">com.testCases.CartPageTestCases</span>
            </div> <!-- main-panel-header rounded-window-top -->
            <div class="main-panel-content rounded-window-bottom">
              <div class="method">
                <div class="method-content">
                  <a name="testAddProductsToCart">
                  </a> <!-- testAddProductsToCart -->
                  <span class="method-name">testAddProductsToCart</span>
                  <div class="stack-trace">org.openqa.selenium.ElementNotInteractableException: element not interactable
  (Session info: chrome=131.0.6778.265)
Build info: version: &apos;4.27.0&apos;, revision: &apos;d6e718d134&apos;
System info: os.name: &apos;Windows 10&apos;, os.arch: &apos;amd64&apos;, os.version: &apos;10.0&apos;, java.version: &apos;23.0.1&apos;
Driver info: org.openqa.selenium.chrome.ChromeDriver
Command: [1c1eb07682596b253c3c2c2fde8dd497, clickElement {id=f.063C0BDADB497E5C215C63A44D53B193.d.25D739B32FB05A4D188D1CF687A32649.e.763}]
Capabilities {acceptInsecureCerts: false, browserName: chrome, browserVersion: 131.0.6778.265, chrome: {chromedriverVersion: 131.0.6778.264 (2d05e315153..., userDataDir: C:\Users\MITHU\AppData\Loca...}, fedcm:accounts: true, goog:chromeOptions: {debuggerAddress: localhost:2400}, networkConnectionEnabled: false, pageLoadStrategy: normal, platformName: windows, proxy: Proxy(), se:cdp: ws://localhost:2400/devtool..., se:cdpVersion: 131.0.6778.265, setWindowRect: true, strictFileInteractability: false, timeouts: {implicit: 0, pageLoad: 300000, script: 30000}, unhandledPromptBehavior: dismiss and notify, webauthn:extension:credBlob: true, webauthn:extension:largeBlob: true, webauthn:extension:minPinLength: true, webauthn:extension:prf: true, webauthn:virtualAuthenticators: true}
Element: [[ChromeDriver: chrome on windows (1c1eb07682596b253c3c2c2fde8dd497)] -&gt; xpath: //div[@class=&apos;col-sm-9 padding-right&apos;]//div[2]//div[1]//div[1]//div[2]//div[1]//a[1]]
Session ID: 1c1eb07682596b253c3c2c2fde8dd497
	at org.openqa.selenium.remote.ErrorCodec.decode(ErrorCodec.java:167)
	at org.openqa.selenium.remote.codec.w3c.W3CHttpResponseCodec.decode(W3CHttpResponseCodec.java:138)
	at org.openqa.selenium.remote.codec.w3c.W3CHttpResponseCodec.decode(W3CHttpResponseCodec.java:50)
	at org.openqa.selenium.remote.HttpCommandExecutor.execute(HttpCommandExecutor.java:190)
	at org.openqa.selenium.remote.service.DriverCommandExecutor.invokeExecute(DriverCommandExecutor.java:216)
	at org.openqa.selenium.remote.service.DriverCommandExecutor.execute(DriverCommandExecutor.java:174)
	at org.openqa.selenium.remote.RemoteWebDriver.execute(RemoteWebDriver.java:545)
	at org.openqa.selenium.remote.RemoteWebElement.execute(RemoteWebElement.java:223)
	at org.openqa.selenium.remote.RemoteWebElement.click(RemoteWebElement.java:76)
	at org.openqa.selenium.support.pagefactory.internal.LocatingElementHandler.invoke(LocatingElementHandler.java:51)
	at jdk.proxy2/jdk.proxy2.$Proxy14.click(Unknown Source)
	at com.pageObject.CartPage.addProductsToCart(CartPage.java:85)
	at com.testCases.CartPageTestCases.testAddProductsToCart(CartPageTestCases.java:35)
	at java.base/java.util.ArrayList.forEach(ArrayList.java:1597)
... Removed 30 stack frames
</div> <!-- stack-trace -->
                  <em>
(Add new products using 'Add to Cart' button)                  </em>
                </div> <!-- method-content -->
              </div> <!-- method -->
              <div class="method">
                <div class="method-content">
                  <a name="testProceedToCheckout">
                  </a> <!-- testProceedToCheckout -->
                  <span class="method-name">testProceedToCheckout</span>
                  <div class="stack-trace">org.openqa.selenium.NoSuchElementException: no such element: Unable to locate element: {&quot;method&quot;:&quot;xpath&quot;,&quot;selector&quot;:&quot;//a[contains(text(),&apos;Proceed To Checkout&apos;)]&quot;}
  (Session info: chrome=131.0.6778.265)
For documentation on this error, please visit: https://www.selenium.dev/documentation/webdriver/troubleshooting/errors#no-such-element-exception
Build info: version: &apos;4.27.0&apos;, revision: &apos;d6e718d134&apos;
System info: os.name: &apos;Windows 10&apos;, os.arch: &apos;amd64&apos;, os.version: &apos;10.0&apos;, java.version: &apos;23.0.1&apos;
Driver info: org.openqa.selenium.chrome.ChromeDriver
Command: [1c1eb07682596b253c3c2c2fde8dd497, findElement {value=//a[contains(text(),&apos;Proceed To Checkout&apos;)], using=xpath}]
Capabilities {acceptInsecureCerts: false, browserName: chrome, browserVersion: 131.0.6778.265, chrome: {chromedriverVersion: 131.0.6778.264 (2d05e315153..., userDataDir: C:\Users\MITHU\AppData\Loca...}, fedcm:accounts: true, goog:chromeOptions: {debuggerAddress: localhost:2400}, networkConnectionEnabled: false, pageLoadStrategy: normal, platformName: windows, proxy: Proxy(), se:cdp: ws://localhost:2400/devtool..., se:cdpVersion: 131.0.6778.265, setWindowRect: true, strictFileInteractability: false, timeouts: {implicit: 0, pageLoad: 300000, script: 30000}, unhandledPromptBehavior: dismiss and notify, webauthn:extension:credBlob: true, webauthn:extension:largeBlob: true, webauthn:extension:minPinLength: true, webauthn:extension:prf: true, webauthn:virtualAuthenticators: true}
Session ID: 1c1eb07682596b253c3c2c2fde8dd497
	at org.openqa.selenium.remote.ErrorCodec.decode(ErrorCodec.java:167)
	at org.openqa.selenium.remote.codec.w3c.W3CHttpResponseCodec.decode(W3CHttpResponseCodec.java:138)
	at org.openqa.selenium.remote.codec.w3c.W3CHttpResponseCodec.decode(W3CHttpResponseCodec.java:50)
	at org.openqa.selenium.remote.HttpCommandExecutor.execute(HttpCommandExecutor.java:190)
	at org.openqa.selenium.remote.service.DriverCommandExecutor.invokeExecute(DriverCommandExecutor.java:216)
	at org.openqa.selenium.remote.service.DriverCommandExecutor.execute(DriverCommandExecutor.java:174)
	at org.openqa.selenium.remote.RemoteWebDriver.execute(RemoteWebDriver.java:545)
	at org.openqa.selenium.remote.ElementLocation$ElementFinder$2.findElement(ElementLocation.java:165)
	at org.openqa.selenium.remote.ElementLocation.findElement(ElementLocation.java:59)
	at org.openqa.selenium.remote.RemoteWebDriver.findElement(RemoteWebDriver.java:368)
	at org.openqa.selenium.remote.RemoteWebDriver.findElement(RemoteWebDriver.java:362)
	at org.openqa.selenium.support.pagefactory.DefaultElementLocator.findElement(DefaultElementLocator.java:68)
	at org.openqa.selenium.support.pagefactory.internal.LocatingElementHandler.invoke(LocatingElementHandler.java:38)
	at jdk.proxy2/jdk.proxy2.$Proxy14.click(Unknown Source)
	at com.pageObject.CartPage.proceedToCheckout(CartPage.java:106)
	at com.testCases.CartPageTestCases.testProceedToCheckout(CartPageTestCases.java:55)
	at java.base/java.util.ArrayList.forEach(ArrayList.java:1597)
... Removed 28 stack frames
</div> <!-- stack-trace -->
                  <em>
(Test 'Proceed to Checkout' button functionality)                  </em>
                </div> <!-- method-content -->
              </div> <!-- method -->
              <div class="method">
                <div class="method-content">
                  <a name="testUpdateQuantity">
                  </a> <!-- testUpdateQuantity -->
                  <span class="method-name">testUpdateQuantity</span>
                  <div class="stack-trace">org.openqa.selenium.NoSuchElementException: no such element: Unable to locate element: {&quot;method&quot;:&quot;xpath&quot;,&quot;selector&quot;:&quot;//input[@name=&apos;quantity&apos;]&quot;}
  (Session info: chrome=131.0.6778.265)
For documentation on this error, please visit: https://www.selenium.dev/documentation/webdriver/troubleshooting/errors#no-such-element-exception
Build info: version: &apos;4.27.0&apos;, revision: &apos;d6e718d134&apos;
System info: os.name: &apos;Windows 10&apos;, os.arch: &apos;amd64&apos;, os.version: &apos;10.0&apos;, java.version: &apos;23.0.1&apos;
Driver info: org.openqa.selenium.chrome.ChromeDriver
Command: [1c1eb07682596b253c3c2c2fde8dd497, findElement {value=//input[@name=&apos;quantity&apos;], using=xpath}]
Capabilities {acceptInsecureCerts: false, browserName: chrome, browserVersion: 131.0.6778.265, chrome: {chromedriverVersion: 131.0.6778.264 (2d05e315153..., userDataDir: C:\Users\MITHU\AppData\Loca...}, fedcm:accounts: true, goog:chromeOptions: {debuggerAddress: localhost:2400}, networkConnectionEnabled: false, pageLoadStrategy: normal, platformName: windows, proxy: Proxy(), se:cdp: ws://localhost:2400/devtool..., se:cdpVersion: 131.0.6778.265, setWindowRect: true, strictFileInteractability: false, timeouts: {implicit: 0, pageLoad: 300000, script: 30000}, unhandledPromptBehavior: dismiss and notify, webauthn:extension:credBlob: true, webauthn:extension:largeBlob: true, webauthn:extension:minPinLength: true, webauthn:extension:prf: true, webauthn:virtualAuthenticators: true}
Session ID: 1c1eb07682596b253c3c2c2fde8dd497
	at org.openqa.selenium.remote.ErrorCodec.decode(ErrorCodec.java:167)
	at org.openqa.selenium.remote.codec.w3c.W3CHttpResponseCodec.decode(W3CHttpResponseCodec.java:138)
	at org.openqa.selenium.remote.codec.w3c.W3CHttpResponseCodec.decode(W3CHttpResponseCodec.java:50)
	at org.openqa.selenium.remote.HttpCommandExecutor.execute(HttpCommandExecutor.java:190)
	at org.openqa.selenium.remote.service.DriverCommandExecutor.invokeExecute(DriverCommandExecutor.java:216)
	at org.openqa.selenium.remote.service.DriverCommandExecutor.execute(DriverCommandExecutor.java:174)
	at org.openqa.selenium.remote.RemoteWebDriver.execute(RemoteWebDriver.java:545)
	at org.openqa.selenium.remote.ElementLocation$ElementFinder$2.findElement(ElementLocation.java:165)
	at org.openqa.selenium.remote.ElementLocation.findElement(ElementLocation.java:59)
	at org.openqa.selenium.remote.RemoteWebDriver.findElement(RemoteWebDriver.java:368)
	at org.openqa.selenium.remote.RemoteWebDriver.findElement(RemoteWebDriver.java:362)
	at org.openqa.selenium.support.pagefactory.DefaultElementLocator.findElement(DefaultElementLocator.java:68)
	at org.openqa.selenium.support.pagefactory.internal.LocatingElementHandler.invoke(LocatingElementHandler.java:38)
	at jdk.proxy2/jdk.proxy2.$Proxy14.clear(Unknown Source)
	at com.pageObject.CartPage.updateProductQuantity(CartPage.java:100)
	at com.testCases.CartPageTestCases.testUpdateQuantity(CartPageTestCases.java:47)
	at java.base/java.util.ArrayList.forEach(ArrayList.java:1597)
... Removed 28 stack frames
</div> <!-- stack-trace -->
                  <em>
(Verify the 'Update Quantity' feature)                  </em>
                </div> <!-- method-content -->
              </div> <!-- method -->
            </div> <!-- main-panel-content rounded-window-bottom -->
          </div> <!-- suite-Functional_Testing_Suite-class-failed -->
          <div class="suite-Functional_Testing_Suite-class-skipped">
            <div class="main-panel-header rounded-window-top">
              <img src="skipped.png"/>
              <span class="class-name">com.testCases.CartPageTestCases</span>
            </div> <!-- main-panel-header rounded-window-top -->
            <div class="main-panel-content rounded-window-bottom">
              <div class="method">
                <div class="method-content">
                  <a name="testDownloadInvoice">
                  </a> <!-- testDownloadInvoice -->
                  <span class="method-name">testDownloadInvoice</span>
                  <div class="stack-trace">java.lang.Throwable: Method com.testCases.CartPageTestCases.testDownloadInvoice() on instance com.testCases.CartPageTestCases@36b4fe2a depends on not successfully finished methods 
[com.testCases.CartPageTestCases.testProceedToCheckout() on instance com.testCases.CartPageTestCases@36b4fe2a
com.testCases.CartPageTestCases.testLogin() on instance com.testCases.CartPageTestCases@36b4fe2a]
	at java.base/java.util.ArrayList.forEach(ArrayList.java:1597)
... Removed 18 stack frames
</div> <!-- stack-trace -->
                  <em>
(Download the invoice of payment)                  </em>
                </div> <!-- method-content -->
              </div> <!-- method -->
              <div class="method">
                <div class="method-content">
                  <a name="testPlaceOrder">
                  </a> <!-- testPlaceOrder -->
                  <span class="method-name">testPlaceOrder</span>
                  <div class="stack-trace">java.lang.Throwable: Method com.testCases.CartPageTestCases.testPlaceOrder() on instance com.testCases.CartPageTestCases@36b4fe2a depends on not successfully finished methods 
[com.testCases.CartPageTestCases.testProceedToCheckout() on instance com.testCases.CartPageTestCases@36b4fe2a
com.testCases.CartPageTestCases.testLogin() on instance com.testCases.CartPageTestCases@36b4fe2a]
	at java.base/java.util.ArrayList.forEach(ArrayList.java:1597)
... Removed 18 stack frames
</div> <!-- stack-trace -->
                  <em>
(Validate total price calculation and place order)                  </em>
                </div> <!-- method-content -->
              </div> <!-- method -->
            </div> <!-- main-panel-content rounded-window-bottom -->
          </div> <!-- suite-Functional_Testing_Suite-class-skipped -->
          <div class="suite-Functional_Testing_Suite-class-passed">
            <div class="main-panel-header rounded-window-top">
              <img src="passed.png"/>
              <span class="class-name">com.testCases.ProductPageTestCases</span>
            </div> <!-- main-panel-header rounded-window-top -->
            <div class="main-panel-content rounded-window-bottom">
              <div class="method">
                <div class="method-content">
                  <a name="productDetailsButton">
                  </a> <!-- productDetailsButton -->
                  <span class="method-name">productDetailsButton</span>
                  <em>
(Validate that product details page works correctly)                  </em>
                </div> <!-- method-content -->
              </div> <!-- method -->
              <div class="method">
                <div class="method-content">
                  <a name="testBranSelection">
                  </a> <!-- testBranSelection -->
                  <span class="method-name">testBranSelection</span>
                  <em>
(Validate that brand option (Polo, H&M, Biba) works correctly)                  </em>
                </div> <!-- method-content -->
              </div> <!-- method -->
              <div class="method">
                <div class="method-content">
                  <a name="testCategorySelection">
                  </a> <!-- testCategorySelection -->
                  <span class="method-name">testCategorySelection</span>
                  <em>
(Validate that category option (WOMEN, MEN, KIDS) works correctly)                  </em>
                </div> <!-- method-content -->
              </div> <!-- method -->
              <div class="method">
                <div class="method-content">
                  <a name="testHomePageLoadSuccessfully(https://automationexercise.com/)">
                  </a> <!-- testHomePageLoadSuccessfully(https://automationexercise.com/) -->
                  <span class="method-name">testHomePageLoadSuccessfully</span>
                  <span class="parameters">(https://automationexercise.com/)</span>
                  <em>
(Verify that the product page loads successfully)                  </em>
                </div> <!-- method-content -->
              </div> <!-- method -->
              <div class="method">
                <div class="method-content">
                  <a name="testSearchFunctionality">
                  </a> <!-- testSearchFunctionality -->
                  <span class="method-name">testSearchFunctionality</span>
                  <em>
(Test the search functionality on the product page)                  </em>
                </div> <!-- method-content -->
              </div> <!-- method -->
            </div> <!-- main-panel-content rounded-window-bottom -->
          </div> <!-- suite-Functional_Testing_Suite-class-passed -->
          <div class="suite-Functional_Testing_Suite-class-passed">
            <div class="main-panel-header rounded-window-top">
              <img src="passed.png"/>
              <span class="class-name">com.testCases.LoginTestCases</span>
            </div> <!-- main-panel-header rounded-window-top -->
            <div class="main-panel-content rounded-window-bottom">
              <div class="method">
                <div class="method-content">
                  <a name="testLoginPageLoadsSuccessfully(https://automationexercise.com/)">
                  </a> <!-- testLoginPageLoadsSuccessfully(https://automationexercise.com/) -->
                  <span class="method-name">testLoginPageLoadsSuccessfully</span>
                  <span class="parameters">(https://automationexercise.com/)</span>
                  <em>
(Verify that the login page loads successfully)                  </em>
                </div> <!-- method-content -->
              </div> <!-- method -->
              <div class="method">
                <div class="method-content">
                  <a name="testLoginWithValidCredentials(admin@mr.com, 1234)">
                  </a> <!-- testLoginWithValidCredentials(admin@mr.com, 1234) -->
                  <span class="method-name">testLoginWithValidCredentials</span>
                  <span class="parameters">(admin@mr.com,1234)</span>
                  <em>
(Verify that login is successful with valid credentials)                  </em>
                </div> <!-- method-content -->
              </div> <!-- method -->
              <div class="method">
                <div class="method-content">
                  <a name="testLoginWithValidCredentials(admin@mr.com, 1234)">
                  </a> <!-- testLoginWithValidCredentials(admin@mr.com, 1234) -->
                  <span class="method-name">testLoginWithValidCredentials</span>
                  <span class="parameters">(admin@mr.com,1234)</span>
                  <em>
(Verify that login is successful with valid credentials)                  </em>
                </div> <!-- method-content -->
              </div> <!-- method -->
            </div> <!-- main-panel-content rounded-window-bottom -->
          </div> <!-- suite-Functional_Testing_Suite-class-passed -->
          <div class="suite-Functional_Testing_Suite-class-passed">
            <div class="main-panel-header rounded-window-top">
              <img src="passed.png"/>
              <span class="class-name">com.testCases.contactPageTestCases</span>
            </div> <!-- main-panel-header rounded-window-top -->
            <div class="main-panel-content rounded-window-bottom">
              <div class="method">
                <div class="method-content">
                  <a name="testContactUsPageLoadsSuccessfully(https://automationexercise.com/)">
                  </a> <!-- testContactUsPageLoadsSuccessfully(https://automationexercise.com/) -->
                  <span class="method-name">testContactUsPageLoadsSuccessfully</span>
                  <span class="parameters">(https://automationexercise.com/)</span>
                  <em>
(Verify that the contact us page loads successfully)                  </em>
                </div> <!-- method-content -->
              </div> <!-- method -->
              <div class="method">
                <div class="method-content">
                  <a name="testFormSubmissionWithValidData">
                  </a> <!-- testFormSubmissionWithValidData -->
                  <span class="method-name">testFormSubmissionWithValidData</span>
                  <em>
(Test the form submission with valid data)                  </em>
                </div> <!-- method-content -->
              </div> <!-- method -->
            </div> <!-- main-panel-content rounded-window-bottom -->
          </div> <!-- suite-Functional_Testing_Suite-class-passed -->
          <div class="suite-Functional_Testing_Suite-class-passed">
            <div class="main-panel-header rounded-window-top">
              <img src="passed.png"/>
              <span class="class-name">com.testCases.HomePageTestCases</span>
            </div> <!-- main-panel-header rounded-window-top -->
            <div class="main-panel-content rounded-window-bottom">
              <div class="method">
                <div class="method-content">
                  <a name="testFooterLinksVisibility">
                  </a> <!-- testFooterLinksVisibility -->
                  <span class="method-name">testFooterLinksVisibility</span>
                  <em>
(Check the visibility and functionality of footer links)                  </em>
                </div> <!-- method-content -->
              </div> <!-- method -->
              <div class="method">
                <div class="method-content">
                  <a name="testHomePageLoadsSuccessfully(https://automationexercise.com/)">
                  </a> <!-- testHomePageLoadsSuccessfully(https://automationexercise.com/) -->
                  <span class="method-name">testHomePageLoadsSuccessfully</span>
                  <span class="parameters">(https://automationexercise.com/)</span>
                  <em>
(Verify that the homepage loads successfully)                  </em>
                </div> <!-- method-content -->
              </div> <!-- method -->
              <div class="method">
                <div class="method-content">
                  <a name="testLogoVisibility">
                  </a> <!-- testLogoVisibility -->
                  <span class="method-name">testLogoVisibility</span>
                  <em>
(Verify the logo of the page)                  </em>
                </div> <!-- method-content -->
              </div> <!-- method -->
              <div class="method">
                <div class="method-content">
                  <a name="testNavigationLinks">
                  </a> <!-- testNavigationLinks -->
                  <span class="method-name">testNavigationLinks</span>
                  <em>
(Validate that navigation links redirect to the correct pages)                  </em>
                </div> <!-- method-content -->
              </div> <!-- method -->
              <div class="method">
                <div class="method-content">
                  <a name="testPageTitle">
                  </a> <!-- testPageTitle -->
                  <span class="method-name">testPageTitle</span>
                  <em>
(Verify the title of the page)                  </em>
                </div> <!-- method-content -->
              </div> <!-- method -->
            </div> <!-- main-panel-content rounded-window-bottom -->
          </div> <!-- suite-Functional_Testing_Suite-class-passed -->
          <div class="suite-Functional_Testing_Suite-class-passed">
            <div class="main-panel-header rounded-window-top">
              <img src="passed.png"/>
              <span class="class-name">com.testCases.LogoutTestCase</span>
            </div> <!-- main-panel-header rounded-window-top -->
            <div class="main-panel-content rounded-window-bottom">
              <div class="method">
                <div class="method-content">
                  <a name="testLoginAndLogout(https://automationexercise.com/)">
                  </a> <!-- testLoginAndLogout(https://automationexercise.com/) -->
                  <span class="method-name">testLoginAndLogout</span>
                  <span class="parameters">(https://automationexercise.com/)</span>
                  <em>
(Verify that login and logout functionality work successfully)                  </em>
                </div> <!-- method-content -->
              </div> <!-- method -->
            </div> <!-- main-panel-content rounded-window-bottom -->
          </div> <!-- suite-Functional_Testing_Suite-class-passed -->
          <div class="suite-Functional_Testing_Suite-class-passed">
            <div class="main-panel-header rounded-window-top">
              <img src="passed.png"/>
              <span class="class-name">com.testCases.CartPageTestCases</span>
            </div> <!-- main-panel-header rounded-window-top -->
            <div class="main-panel-content rounded-window-bottom">
              <div class="method">
                <div class="method-content">
                  <a name="testLogin(https://automationexercise.com/)">
                  </a> <!-- testLogin(https://automationexercise.com/) -->
                  <span class="method-name">testLogin</span>
                  <span class="parameters">(https://automationexercise.com/)</span>
                  <em>
(Login to the application)                  </em>
                </div> <!-- method-content -->
              </div> <!-- method -->
            </div> <!-- main-panel-content rounded-window-bottom -->
          </div> <!-- suite-Functional_Testing_Suite-class-passed -->
          <div class="suite-Functional_Testing_Suite-class-passed">
            <div class="main-panel-header rounded-window-top">
              <img src="passed.png"/>
              <span class="class-name">com.testCases.RegistrationTestCase</span>
            </div> <!-- main-panel-header rounded-window-top -->
            <div class="main-panel-content rounded-window-bottom">
              <div class="method">
                <div class="method-content">
                  <a name="testNewUserRegistration">
                  </a> <!-- testNewUserRegistration -->
                  <span class="method-name">testNewUserRegistration</span>
                  <em>
(Verify new user registration)                  </em>
                </div> <!-- method-content -->
              </div> <!-- method -->
              <div class="method">
                <div class="method-content">
                  <a name="testfillSignupForm(https://automationexercise.com/)">
                  </a> <!-- testfillSignupForm(https://automationexercise.com/) -->
                  <span class="method-name">testfillSignupForm</span>
                  <span class="parameters">(https://automationexercise.com/)</span>
                  <em>
(Verify signup successufully)                  </em>
                </div> <!-- method-content -->
              </div> <!-- method -->
            </div> <!-- main-panel-content rounded-window-bottom -->
          </div> <!-- suite-Functional_Testing_Suite-class-passed -->
        </div> <!-- panel Functional_Testing_Suite -->
        <div panel-name="test-xml-Functional_Testing_Suite" class="panel">
          <div class="main-panel-header rounded-window-top">
            <span class="header-content">C:\Users\MITHU\Desktop\Projects\Automation\eCommerceAutomation\testng.xml</span>
          </div> <!-- main-panel-header rounded-window-top -->
          <div class="main-panel-content rounded-window-bottom">
            <pre>
&lt;?xml version=&quot;1.0&quot; encoding=&quot;UTF-8&quot;?&gt;
&lt;!DOCTYPE suite SYSTEM &quot;https://testng.org/testng-1.0.dtd&quot;&gt;
&lt;suite name=&quot;Functional Testing Suite&quot; guice-stage=&quot;DEVELOPMENT&quot;&gt;
  &lt;test thread-count=&quot;5&quot; name=&quot;Home Page Tests&quot;&gt;
    &lt;parameter name=&quot;browserName&quot; value=&quot;edge&quot;/&gt;
    &lt;parameter name=&quot;url&quot; value=&quot;https://automationexercise.com/&quot;/&gt;
    &lt;classes&gt;
      &lt;class name=&quot;com.testCases.HomePageTestCases&quot;/&gt;
    &lt;/classes&gt;
  &lt;/test&gt; &lt;!-- Home Page Tests --&gt;
  &lt;test thread-count=&quot;5&quot; name=&quot;Product Page Tests&quot;&gt;
    &lt;parameter name=&quot;browserName&quot; value=&quot;chrome&quot;/&gt;
    &lt;parameter name=&quot;url&quot; value=&quot;https://automationexercise.com/&quot;/&gt;
    &lt;classes&gt;
      &lt;class name=&quot;com.testCases.ProductPageTestCases&quot;/&gt;
    &lt;/classes&gt;
  &lt;/test&gt; &lt;!-- Product Page Tests --&gt;
  &lt;test thread-count=&quot;5&quot; name=&quot;Contact Page Tests&quot;&gt;
    &lt;parameter name=&quot;browserName&quot; value=&quot;edge&quot;/&gt;
    &lt;parameter name=&quot;url&quot; value=&quot;https://automationexercise.com/&quot;/&gt;
    &lt;classes&gt;
      &lt;class name=&quot;com.testCases.contactPageTestCases&quot;/&gt;
    &lt;/classes&gt;
  &lt;/test&gt; &lt;!-- Contact Page Tests --&gt;
  &lt;test thread-count=&quot;5&quot; name=&quot;Cart Page Tests&quot;&gt;
    &lt;parameter name=&quot;browserName&quot; value=&quot;chrome&quot;/&gt;
    &lt;parameter name=&quot;url&quot; value=&quot;https://automationexercise.com/&quot;/&gt;
    &lt;classes&gt;
      &lt;class name=&quot;com.testCases.CartPageTestCases&quot;/&gt;
    &lt;/classes&gt;
  &lt;/test&gt; &lt;!-- Cart Page Tests --&gt;
  &lt;test thread-count=&quot;5&quot; name=&quot;Login Page Tests&quot;&gt;
    &lt;parameter name=&quot;browserName&quot; value=&quot;chrome&quot;/&gt;
    &lt;parameter name=&quot;url&quot; value=&quot;https://automationexercise.com/&quot;/&gt;
    &lt;classes&gt;
      &lt;class name=&quot;com.testCases.LoginTestCases&quot;/&gt;
    &lt;/classes&gt;
  &lt;/test&gt; &lt;!-- Login Page Tests --&gt;
  &lt;test thread-count=&quot;5&quot; name=&quot;Registration Page Tests&quot;&gt;
    &lt;parameter name=&quot;browserName&quot; value=&quot;chrome&quot;/&gt;
    &lt;parameter name=&quot;url&quot; value=&quot;https://automationexercise.com/&quot;/&gt;
    &lt;classes&gt;
      &lt;class name=&quot;com.testCases.RegistrationTestCase&quot;/&gt;
    &lt;/classes&gt;
  &lt;/test&gt; &lt;!-- Registration Page Tests --&gt;
  &lt;test thread-count=&quot;5&quot; name=&quot;Logout Page Tests&quot;&gt;
    &lt;parameter name=&quot;browserName&quot; value=&quot;chrome&quot;/&gt;
    &lt;parameter name=&quot;url&quot; value=&quot;https://automationexercise.com/&quot;/&gt;
    &lt;classes&gt;
      &lt;class name=&quot;com.testCases.LogoutTestCase&quot;/&gt;
    &lt;/classes&gt;
  &lt;/test&gt; &lt;!-- Logout Page Tests --&gt;
&lt;/suite&gt; &lt;!-- Functional Testing Suite --&gt;
            </pre>
          </div> <!-- main-panel-content rounded-window-bottom -->
        </div> <!-- panel -->
        <div panel-name="testlist-Functional_Testing_Suite" class="panel">
          <div class="main-panel-header rounded-window-top">
            <span class="header-content">Tests for Functional Testing Suite</span>
          </div> <!-- main-panel-header rounded-window-top -->
          <div class="main-panel-content rounded-window-bottom">
            <ul>
              <li>
                <span class="test-name">Home Page Tests (1 class)</span>
              </li>
              <li>
                <span class="test-name">Product Page Tests (1 class)</span>
              </li>
              <li>
                <span class="test-name">Contact Page Tests (1 class)</span>
              </li>
              <li>
                <span class="test-name">Cart Page Tests (1 class)</span>
              </li>
              <li>
                <span class="test-name">Login Page Tests (1 class)</span>
              </li>
              <li>
                <span class="test-name">Registration Page Tests (1 class)</span>
              </li>
              <li>
                <span class="test-name">Logout Page Tests (1 class)</span>
              </li>
            </ul>
          </div> <!-- main-panel-content rounded-window-bottom -->
        </div> <!-- panel -->
        <div panel-name="group-Functional_Testing_Suite" class="panel">
          <div class="main-panel-header rounded-window-top">
            <span class="header-content">Groups for Functional Testing Suite</span>
          </div> <!-- main-panel-header rounded-window-top -->
          <div class="main-panel-content rounded-window-bottom">
            <div class="test-group">
              <span class="test-group-name">fucntional</span>
              <br/>
              <div class="method-in-group">
                <span class="method-in-group-name">productDetailsButton</span>
                <br/>
              </div> <!-- method-in-group -->
              <div class="method-in-group">
                <span class="method-in-group-name">testAddToCartButton</span>
                <br/>
              </div> <!-- method-in-group -->
              <div class="method-in-group">
                <span class="method-in-group-name">testBranSelection</span>
                <br/>
              </div> <!-- method-in-group -->
              <div class="method-in-group">
                <span class="method-in-group-name">testCategorySelection</span>
                <br/>
              </div> <!-- method-in-group -->
              <div class="method-in-group">
                <span class="method-in-group-name">testHomePageLoadSuccessfully</span>
                <br/>
              </div> <!-- method-in-group -->
              <div class="method-in-group">
                <span class="method-in-group-name">testSearchFunctionality</span>
                <br/>
              </div> <!-- method-in-group -->
            </div> <!-- test-group -->
            <div class="test-group">
              <span class="test-group-name">functional</span>
              <br/>
              <div class="method-in-group">
                <span class="method-in-group-name">testAddProductsToCart</span>
                <br/>
              </div> <!-- method-in-group -->
              <div class="method-in-group">
                <span class="method-in-group-name">testContactUsPageLoadsSuccessfully</span>
                <br/>
              </div> <!-- method-in-group -->
              <div class="method-in-group">
                <span class="method-in-group-name">testDownloadInvoice</span>
                <br/>
              </div> <!-- method-in-group -->
              <div class="method-in-group">
                <span class="method-in-group-name">testFormSubmissionWithMissingEmail</span>
                <br/>
              </div> <!-- method-in-group -->
              <div class="method-in-group">
                <span class="method-in-group-name">testFormSubmissionWithValidData</span>
                <br/>
              </div> <!-- method-in-group -->
              <div class="method-in-group">
                <span class="method-in-group-name">testLogin</span>
                <br/>
              </div> <!-- method-in-group -->
              <div class="method-in-group">
                <span class="method-in-group-name">testPlaceOrder</span>
                <br/>
              </div> <!-- method-in-group -->
              <div class="method-in-group">
                <span class="method-in-group-name">testProceedToCheckout</span>
                <br/>
              </div> <!-- method-in-group -->
              <div class="method-in-group">
                <span class="method-in-group-name">testUpdateQuantity</span>
                <br/>
              </div> <!-- method-in-group -->
            </div> <!-- test-group -->
            <div class="test-group">
              <span class="test-group-name">regression</span>
              <br/>
              <div class="method-in-group">
                <span class="method-in-group-name">productDetailsButton</span>
                <br/>
              </div> <!-- method-in-group -->
              <div class="method-in-group">
                <span class="method-in-group-name">testAddProductsToCart</span>
                <br/>
              </div> <!-- method-in-group -->
              <div class="method-in-group">
                <span class="method-in-group-name">testAddToCartButton</span>
                <br/>
              </div> <!-- method-in-group -->
              <div class="method-in-group">
                <span class="method-in-group-name">testBranSelection</span>
                <br/>
              </div> <!-- method-in-group -->
              <div class="method-in-group">
                <span class="method-in-group-name">testCarouselContent</span>
                <br/>
              </div> <!-- method-in-group -->
              <div class="method-in-group">
                <span class="method-in-group-name">testCategorySelection</span>
                <br/>
              </div> <!-- method-in-group -->
              <div class="method-in-group">
                <span class="method-in-group-name">testContactUsPageLoadsSuccessfully</span>
                <br/>
              </div> <!-- method-in-group -->
              <div class="method-in-group">
                <span class="method-in-group-name">testDownloadInvoice</span>
                <br/>
              </div> <!-- method-in-group -->
              <div class="method-in-group">
                <span class="method-in-group-name">testFooterLinksVisibility</span>
                <br/>
              </div> <!-- method-in-group -->
              <div class="method-in-group">
                <span class="method-in-group-name">testFormSubmissionWithMissingEmail</span>
                <br/>
              </div> <!-- method-in-group -->
              <div class="method-in-group">
                <span class="method-in-group-name">testFormSubmissionWithValidData</span>
                <br/>
              </div> <!-- method-in-group -->
              <div class="method-in-group">
                <span class="method-in-group-name">testHomePageLoadSuccessfully</span>
                <br/>
              </div> <!-- method-in-group -->
              <div class="method-in-group">
                <span class="method-in-group-name">testHomePageLoadsSuccessfully</span>
                <br/>
              </div> <!-- method-in-group -->
              <div class="method-in-group">
                <span class="method-in-group-name">testLogin</span>
                <br/>
              </div> <!-- method-in-group -->
              <div class="method-in-group">
                <span class="method-in-group-name">testLoginAndLogout</span>
                <br/>
              </div> <!-- method-in-group -->
              <div class="method-in-group">
                <span class="method-in-group-name">testLoginPageLoadsSuccessfully</span>
                <br/>
              </div> <!-- method-in-group -->
              <div class="method-in-group">
                <span class="method-in-group-name">testLoginWithValidCredentials</span>
                <br/>
              </div> <!-- method-in-group -->
              <div class="method-in-group">
                <span class="method-in-group-name">testLogoVisibility</span>
                <br/>
              </div> <!-- method-in-group -->
              <div class="method-in-group">
                <span class="method-in-group-name">testNavigationLinks</span>
                <br/>
              </div> <!-- method-in-group -->
              <div class="method-in-group">
                <span class="method-in-group-name">testNewUserRegistration</span>
                <br/>
              </div> <!-- method-in-group -->
              <div class="method-in-group">
                <span class="method-in-group-name">testPageTitle</span>
                <br/>
              </div> <!-- method-in-group -->
              <div class="method-in-group">
                <span class="method-in-group-name">testPlaceOrder</span>
                <br/>
              </div> <!-- method-in-group -->
              <div class="method-in-group">
                <span class="method-in-group-name">testProceedToCheckout</span>
                <br/>
              </div> <!-- method-in-group -->
              <div class="method-in-group">
                <span class="method-in-group-name">testSearchFunctionality</span>
                <br/>
              </div> <!-- method-in-group -->
              <div class="method-in-group">
                <span class="method-in-group-name">testUpdateQuantity</span>
                <br/>
              </div> <!-- method-in-group -->
              <div class="method-in-group">
                <span class="method-in-group-name">testfillSignupForm</span>
                <br/>
              </div> <!-- method-in-group -->
            </div> <!-- test-group -->
            <div class="test-group">
              <span class="test-group-name">sanity</span>
              <br/>
              <div class="method-in-group">
                <span class="method-in-group-name">testLoginAndLogout</span>
                <br/>
              </div> <!-- method-in-group -->
              <div class="method-in-group">
                <span class="method-in-group-name">testNewUserRegistration</span>
                <br/>
              </div> <!-- method-in-group -->
              <div class="method-in-group">
                <span class="method-in-group-name">testfillSignupForm</span>
                <br/>
              </div> <!-- method-in-group -->
            </div> <!-- test-group -->
            <div class="test-group">
              <span class="test-group-name">smoke</span>
              <br/>
              <div class="method-in-group">
                <span class="method-in-group-name">testCarouselContent</span>
                <br/>
              </div> <!-- method-in-group -->
              <div class="method-in-group">
                <span class="method-in-group-name">testFooterLinksVisibility</span>
                <br/>
              </div> <!-- method-in-group -->
              <div class="method-in-group">
                <span class="method-in-group-name">testHomePageLoadsSuccessfully</span>
                <br/>
              </div> <!-- method-in-group -->
              <div class="method-in-group">
                <span class="method-in-group-name">testLoginPageLoadsSuccessfully</span>
                <br/>
              </div> <!-- method-in-group -->
              <div class="method-in-group">
                <span class="method-in-group-name">testLoginWithValidCredentials</span>
                <br/>
              </div> <!-- method-in-group -->
              <div class="method-in-group">
                <span class="method-in-group-name">testLogoVisibility</span>
                <br/>
              </div> <!-- method-in-group -->
              <div class="method-in-group">
                <span class="method-in-group-name">testNavigationLinks</span>
                <br/>
              </div> <!-- method-in-group -->
              <div class="method-in-group">
                <span class="method-in-group-name">testPageTitle</span>
                <br/>
              </div> <!-- method-in-group -->
            </div> <!-- test-group -->
          </div> <!-- main-panel-content rounded-window-bottom -->
        </div> <!-- panel -->
        <div panel-name="times-Functional_Testing_Suite" class="panel">
          <div class="main-panel-header rounded-window-top">
            <span class="header-content">Times for Functional Testing Suite</span>
          </div> <!-- main-panel-header rounded-window-top -->
          <div class="main-panel-content rounded-window-bottom">
            <div class="times-div">
              <script type="text/javascript">
suiteTableInitFunctions.push('tableData_Functional_Testing_Suite');
function tableData_Functional_Testing_Suite() {
var data = new google.visualization.DataTable();
data.addColumn('number', 'Number');
data.addColumn('string', 'Method');
data.addColumn('string', 'Class');
data.addColumn('number', 'Time (ms)');
data.addRows(29);
data.setCell(0, 0, 0)
data.setCell(0, 1, 'testBranSelection')
data.setCell(0, 2, 'com.testCases.ProductPageTestCases')
data.setCell(0, 3, 27195);
data.setCell(1, 0, 1)
data.setCell(1, 1, 'testLogin')
data.setCell(1, 2, 'com.testCases.CartPageTestCases')
data.setCell(1, 3, 24555);
data.setCell(2, 0, 2)
data.setCell(2, 1, 'testLoginAndLogout')
data.setCell(2, 2, 'com.testCases.LogoutTestCase')
data.setCell(2, 3, 19446);
data.setCell(3, 0, 3)
data.setCell(3, 1, 'testFormSubmissionWithMissingEmail')
data.setCell(3, 2, 'com.testCases.contactPageTestCases')
data.setCell(3, 3, 15907);
data.setCell(4, 0, 4)
data.setCell(4, 1, 'testAddProductsToCart')
data.setCell(4, 2, 'com.testCases.CartPageTestCases')
data.setCell(4, 3, 15433);
data.setCell(5, 0, 5)
data.setCell(5, 1, 'testLoginWithValidCredentials')
data.setCell(5, 2, 'com.testCases.LoginTestCases')
data.setCell(5, 3, 11949);
data.setCell(6, 0, 6)
data.setCell(6, 1, 'testLoginWithValidCredentials')
data.setCell(6, 2, 'com.testCases.LoginTestCases')
data.setCell(6, 3, 11782);
data.setCell(7, 0, 7)
data.setCell(7, 1, 'testNavigationLinks')
data.setCell(7, 2, 'com.testCases.HomePageTestCases')
data.setCell(7, 3, 11130);
data.setCell(8, 0, 8)
data.setCell(8, 1, 'testCarouselContent')
data.setCell(8, 2, 'com.testCases.HomePageTestCases')
data.setCell(8, 3, 10311);
data.setCell(9, 0, 9)
data.setCell(9, 1, 'testCategorySelection')
data.setCell(9, 2, 'com.testCases.ProductPageTestCases')
data.setCell(9, 3, 10167);
data.setCell(10, 0, 10)
data.setCell(10, 1, 'testFooterLinksVisibility')
data.setCell(10, 2, 'com.testCases.HomePageTestCases')
data.setCell(10, 3, 10074);
data.setCell(11, 0, 11)
data.setCell(11, 1, 'testUpdateQuantity')
data.setCell(11, 2, 'com.testCases.CartPageTestCases')
data.setCell(11, 3, 10052);
data.setCell(12, 0, 12)
data.setCell(12, 1, 'testProceedToCheckout')
data.setCell(12, 2, 'com.testCases.CartPageTestCases')
data.setCell(12, 3, 10051);
data.setCell(13, 0, 13)
data.setCell(13, 1, 'testNewUserRegistration')
data.setCell(13, 2, 'com.testCases.RegistrationTestCase')
data.setCell(13, 3, 7717);
data.setCell(14, 0, 14)
data.setCell(14, 1, 'testAddToCartButton')
data.setCell(14, 2, 'com.testCases.ProductPageTestCases')
data.setCell(14, 3, 6539);
data.setCell(15, 0, 15)
data.setCell(15, 1, 'testfillSignupForm')
data.setCell(15, 2, 'com.testCases.RegistrationTestCase')
data.setCell(15, 3, 5687);
data.setCell(16, 0, 16)
data.setCell(16, 1, 'testLoginWithValidCredentials')
data.setCell(16, 2, 'com.testCases.LoginTestCases')
data.setCell(16, 3, 5463);
data.setCell(17, 0, 17)
data.setCell(17, 1, 'testContactUsPageLoadsSuccessfully')
data.setCell(17, 2, 'com.testCases.contactPageTestCases')
data.setCell(17, 3, 5348);
data.setCell(18, 0, 18)
data.setCell(18, 1, 'testLoginWithValidCredentials')
data.setCell(18, 2, 'com.testCases.LoginTestCases')
data.setCell(18, 3, 5273);
data.setCell(19, 0, 19)
data.setCell(19, 1, 'testSearchFunctionality')
data.setCell(19, 2, 'com.testCases.ProductPageTestCases')
data.setCell(19, 3, 4066);
data.setCell(20, 0, 20)
data.setCell(20, 1, 'testHomePageLoadsSuccessfully')
data.setCell(20, 2, 'com.testCases.HomePageTestCases')
data.setCell(20, 3, 3962);
data.setCell(21, 0, 21)
data.setCell(21, 1, 'testHomePageLoadSuccessfully')
data.setCell(21, 2, 'com.testCases.ProductPageTestCases')
data.setCell(21, 3, 3865);
data.setCell(22, 0, 22)
data.setCell(22, 1, 'testFormSubmissionWithValidData')
data.setCell(22, 2, 'com.testCases.contactPageTestCases')
data.setCell(22, 3, 2564);
data.setCell(23, 0, 23)
data.setCell(23, 1, 'testLoginPageLoadsSuccessfully')
data.setCell(23, 2, 'com.testCases.LoginTestCases')
data.setCell(23, 3, 2191);
data.setCell(24, 0, 24)
data.setCell(24, 1, 'productDetailsButton')
data.setCell(24, 2, 'com.testCases.ProductPageTestCases')
data.setCell(24, 3, 1436);
data.setCell(25, 0, 25)
data.setCell(25, 1, 'testLogoVisibility')
data.setCell(25, 2, 'com.testCases.HomePageTestCases')
data.setCell(25, 3, 124);
data.setCell(26, 0, 26)
data.setCell(26, 1, 'testPageTitle')
data.setCell(26, 2, 'com.testCases.HomePageTestCases')
data.setCell(26, 3, 31);
data.setCell(27, 0, 27)
data.setCell(27, 1, 'testDownloadInvoice')
data.setCell(27, 2, 'com.testCases.CartPageTestCases')
data.setCell(27, 3, 0);
data.setCell(28, 0, 28)
data.setCell(28, 1, 'testPlaceOrder')
data.setCell(28, 2, 'com.testCases.CartPageTestCases')
data.setCell(28, 3, 0);
window.suiteTableData['Functional_Testing_Suite']= { tableData: data, tableDiv: 'times-div-Functional_Testing_Suite'}
return data;
}
              </script>
              <span class="suite-total-time">Total running time: 4 minutes</span>
              <div id="times-div-Functional_Testing_Suite">
              </div> <!-- times-div-Functional_Testing_Suite -->
            </div> <!-- times-div -->
          </div> <!-- main-panel-content rounded-window-bottom -->
        </div> <!-- panel -->
        <div panel-name="reporter-Functional_Testing_Suite" class="panel">
          <div class="main-panel-header rounded-window-top">
            <span class="header-content">Reporter output for Functional Testing Suite</span>
          </div> <!-- main-panel-header rounded-window-top -->
          <div class="main-panel-content rounded-window-bottom">
          </div> <!-- main-panel-content rounded-window-bottom -->
        </div> <!-- panel -->
        <div panel-name="ignored-methods-Functional_Testing_Suite" class="panel">
          <div class="main-panel-header rounded-window-top">
            <span class="header-content">0 ignored methods</span>
          </div> <!-- main-panel-header rounded-window-top -->
          <div class="main-panel-content rounded-window-bottom">
          </div> <!-- main-panel-content rounded-window-bottom -->
        </div> <!-- panel -->
        <div panel-name="chronological-Functional_Testing_Suite" class="panel">
          <div class="main-panel-header rounded-window-top">
            <span class="header-content">Methods in chronological order</span>
          </div> <!-- main-panel-header rounded-window-top -->
          <div class="main-panel-content rounded-window-bottom">
            <div class="chronological-class">
              <div class="chronological-class-name">com.testCases.HomePageTestCases</div> <!-- chronological-class-name -->
              <div class="configuration-class before">
                <span class="method-name">setUp(edge)</span>
                <span class="method-start">0 ms</span>
              </div> <!-- configuration-class before -->
              <div class="test-method">
                <span class="method-name">testHomePageLoadsSuccessfully(https://automationexercise.com/)</span>
                <span class="method-start">4371 ms</span>
              </div> <!-- test-method -->
              <div class="test-method">
                <span class="method-name">testNavigationLinks</span>
                <span class="method-start">8376 ms</span>
              </div> <!-- test-method -->
              <div class="test-method">
                <span class="method-name">testPageTitle</span>
                <span class="method-start">19522 ms</span>
              </div> <!-- test-method -->
              <div class="test-method">
                <span class="method-name">testLogoVisibility</span>
                <span class="method-start">19557 ms</span>
              </div> <!-- test-method -->
              <div class="test-method">
                <img src="failed.png">
                </img>
                <span class="method-name">testCarouselContent</span>
                <span class="method-start">19687 ms</span>
              </div> <!-- test-method -->
              <div class="test-method">
                <span class="method-name">testFooterLinksVisibility</span>
                <span class="method-start">30018 ms</span>
              </div> <!-- test-method -->
              <div class="configuration-class after">
                <span class="method-name">tearDown</span>
                <span class="method-start">40099 ms</span>
              </div> <!-- configuration-class after -->
            </div> <!-- chronological-class -->
            <div class="chronological-class">
              <div class="chronological-class-name">com.testCases.ProductPageTestCases</div> <!-- chronological-class-name -->
              <div class="configuration-class before">
                <span class="method-name">setUp(chrome)</span>
                <span class="method-start">41736 ms</span>
              </div> <!-- configuration-class before -->
              <div class="configuration-class before">
                <span class="method-name">setupPageObject</span>
                <span class="method-start">44621 ms</span>
              </div> <!-- configuration-class before -->
              <div class="test-method">
                <span class="method-name">testHomePageLoadSuccessfully(https://automationexercise.com/)</span>
                <span class="method-start">44637 ms</span>
              </div> <!-- test-method -->
              <div class="test-method">
                <img src="failed.png">
                </img>
                <span class="method-name">testAddToCartButton</span>
                <span class="method-start">48508 ms</span>
              </div> <!-- test-method -->
              <div class="test-method">
                <span class="method-name">testSearchFunctionality</span>
                <span class="method-start">55052 ms</span>
              </div> <!-- test-method -->
              <div class="test-method">
                <span class="method-name">testCategorySelection</span>
                <span class="method-start">59122 ms</span>
              </div> <!-- test-method -->
              <div class="test-method">
                <span class="method-name">testBranSelection</span>
                <span class="method-start">69295 ms</span>
              </div> <!-- test-method -->
              <div class="test-method">
                <span class="method-name">productDetailsButton</span>
                <span class="method-start">96495 ms</span>
              </div> <!-- test-method -->
              <div class="configuration-class after">
                <span class="method-name">tearDown</span>
                <span class="method-start">97934 ms</span>
              </div> <!-- configuration-class after -->
            </div> <!-- chronological-class -->
            <div class="chronological-class">
              <div class="chronological-class-name">com.testCases.contactPageTestCases</div> <!-- chronological-class-name -->
              <div class="configuration-class before">
                <span class="method-name">setUp(edge)</span>
                <span class="method-start">98410 ms</span>
              </div> <!-- configuration-class before -->
              <div class="configuration-class before">
                <span class="method-name">setupPageObject</span>
                <span class="method-start">102061 ms</span>
              </div> <!-- configuration-class before -->
              <div class="test-method">
                <span class="method-name">testContactUsPageLoadsSuccessfully(https://automationexercise.com/)</span>
                <span class="method-start">102080 ms</span>
              </div> <!-- test-method -->
              <div class="test-method">
                <span class="method-name">testFormSubmissionWithValidData</span>
                <span class="method-start">107437 ms</span>
              </div> <!-- test-method -->
              <div class="test-method">
                <img src="failed.png">
                </img>
                <span class="method-name">testFormSubmissionWithMissingEmail(https://automationexercise.com/)</span>
                <span class="method-start">110005 ms</span>
              </div> <!-- test-method -->
              <div class="configuration-class after">
                <span class="method-name">tearDown</span>
                <span class="method-start">125916 ms</span>
              </div> <!-- configuration-class after -->
            </div> <!-- chronological-class -->
            <div class="chronological-class">
              <div class="chronological-class-name">com.testCases.CartPageTestCases</div> <!-- chronological-class-name -->
              <div class="configuration-class before">
                <span class="method-name">setUp(chrome)</span>
                <span class="method-start">127406 ms</span>
              </div> <!-- configuration-class before -->
              <div class="configuration-class before">
                <span class="method-name">setupPageObject</span>
                <span class="method-start">130248 ms</span>
              </div> <!-- configuration-class before -->
              <div class="test-method">
                <span class="method-name">testLogin(https://automationexercise.com/)</span>
                <span class="method-start">130269 ms</span>
              </div> <!-- test-method -->
              <div class="test-method">
                <img src="failed.png">
                </img>
                <span class="method-name">testAddProductsToCart</span>
                <span class="method-start">154834 ms</span>
              </div> <!-- test-method -->
              <div class="test-method">
                <img src="failed.png">
                </img>
                <span class="method-name">testUpdateQuantity</span>
                <span class="method-start">170271 ms</span>
              </div> <!-- test-method -->
              <div class="test-method">
                <img src="failed.png">
                </img>
                <span class="method-name">testProceedToCheckout</span>
                <span class="method-start">180326 ms</span>
              </div> <!-- test-method -->
              <div class="configuration-class after">
                <span class="method-name">tearDown</span>
                <span class="method-start">190391 ms</span>
              </div> <!-- configuration-class after -->
            </div> <!-- chronological-class -->
            <div class="chronological-class">
              <div class="chronological-class-name">com.testCases.LoginTestCases</div> <!-- chronological-class-name -->
              <div class="configuration-class before">
                <span class="method-name">setUp(chrome)</span>
                <span class="method-start">190621 ms</span>
              </div> <!-- configuration-class before -->
              <div class="configuration-class before">
                <span class="method-name">setupPageObject</span>
                <span class="method-start">192319 ms</span>
              </div> <!-- configuration-class before -->
              <div class="test-method">
                <span class="method-name">testLoginPageLoadsSuccessfully(https://automationexercise.com/)</span>
                <span class="method-start">192325 ms</span>
              </div> <!-- test-method -->
              <div class="test-method">
                <span class="method-name">testLoginWithValidCredentials(admin@mr.com, 1234)</span>
                <span class="method-start">194628 ms</span>
              </div> <!-- test-method -->
              <div class="test-method">
                <img src="failed.png">
                </img>
                <span class="method-name">testLoginWithValidCredentials(admin@mr4.com, 634)</span>
                <span class="method-start">200094 ms</span>
              </div> <!-- test-method -->
              <div class="test-method">
                <img src="failed.png">
                </img>
                <span class="method-name">testLoginWithValidCredentials(admin@mr.com, 4563)</span>
                <span class="method-start">211881 ms</span>
              </div> <!-- test-method -->
              <div class="test-method">
                <span class="method-name">testLoginWithValidCredentials(admin@mr.com, 1234)</span>
                <span class="method-start">223832 ms</span>
              </div> <!-- test-method -->
              <div class="configuration-class after">
                <span class="method-name">tearDown</span>
                <span class="method-start">229107 ms</span>
              </div> <!-- configuration-class after -->
            </div> <!-- chronological-class -->
            <div class="chronological-class">
              <div class="chronological-class-name">com.testCases.RegistrationTestCase</div> <!-- chronological-class-name -->
              <div class="configuration-class before">
                <span class="method-name">setUp(chrome)</span>
                <span class="method-start">229425 ms</span>
              </div> <!-- configuration-class before -->
              <div class="configuration-class before">
                <span class="method-name">setupPageObject</span>
                <span class="method-start">231827 ms</span>
              </div> <!-- configuration-class before -->
              <div class="test-method">
                <span class="method-name">testfillSignupForm(https://automationexercise.com/)</span>
                <span class="method-start">231849 ms</span>
              </div> <!-- test-method -->
              <div class="test-method">
                <span class="method-name">testNewUserRegistration</span>
                <span class="method-start">237545 ms</span>
              </div> <!-- test-method -->
              <div class="configuration-class after">
                <span class="method-name">tearDown</span>
                <span class="method-start">245269 ms</span>
              </div> <!-- configuration-class after -->
            </div> <!-- chronological-class -->
            <div class="chronological-class">
              <div class="chronological-class-name">com.testCases.LogoutTestCase</div> <!-- chronological-class-name -->
              <div class="configuration-class before">
                <span class="method-name">setUp(chrome)</span>
                <span class="method-start">245936 ms</span>
              </div> <!-- configuration-class before -->
              <div class="configuration-class before">
                <span class="method-name">setupPageObject</span>
                <span class="method-start">248298 ms</span>
              </div> <!-- configuration-class before -->
              <div class="test-method">
                <span class="method-name">testLoginAndLogout(https://automationexercise.com/)</span>
                <span class="method-start">248304 ms</span>
              </div> <!-- test-method -->
              <div class="configuration-class after">
                <span class="method-name">tearDown</span>
                <span class="method-start">267752 ms</span>
              </div> <!-- configuration-class after -->
          </div> <!-- main-panel-content rounded-window-bottom -->
        </div> <!-- panel -->
      </div> <!-- main-panel-root -->
    </div> <!-- wrapper -->
  </body>
<script type="text/javascript" src="testng-reports2.js"></script>
</html>
